0 verbose cli C:\Program Files\nodejsx\node.exe C:\Program Files\nodejsx\node_modules\npm\bin\npm-cli.js
1 info using npm@10.7.0
2 info using node@v20.15.1
3 silly config:load:file:C:\Program Files\nodejsx\node_modules\npm\npmrc
4 silly config:load:file:F:\GCS\GCS_admin_panel\.npmrc
5 silly config:load:file:C:\Users\Vishwa Himanshu\.npmrc
6 silly config:load:file:C:\Users\Vishwa Himanshu\AppData\Roaming\npm\etc\npmrc
7 verbose title npm install react-quill-new@3.3.1
8 verbose argv "install" "react-quill-new@3.3.1" "--cache" ".npm-cache"
9 verbose logfile logs-max:10 dir:F:\GCS\GCS_admin_panel\.npm-cache\_logs\2026-04-16T05_05_57_210Z-
10 verbose logfile F:\GCS\GCS_admin_panel\.npm-cache\_logs\2026-04-16T05_05_57_210Z-debug-0.log
11 silly logfile done cleaning log files
12 silly idealTree buildDeps
13 silly fetch manifest react-quill-new@3.3.1
14 http fetch GET 200 https://registry.npmjs.org/npm 19026ms
15 http fetch GET 200 https://registry.npmjs.org/react-quill-new 7126ms (cache miss)
16 silly fetch manifest quill-delta@^5.1.0
17 http fetch GET 200 https://registry.npmjs.org/quill-delta 310ms (cache miss)
18 silly fetch manifest react@^19.2.3
19 http fetch GET 200 https://registry.npmjs.org/react 1076ms (cache miss)
20 silly fetch manifest react-dom@^19.2.3
21 http fetch GET 200 https://registry.npmjs.org/react-dom 762ms (cache miss)
22 silly placeDep ROOT react-quill-new@3.3.1 OK for: gcs-hospital-crm-admin-panel@0.1.0 want: 3.3.1
23 silly placeDep ROOT quill-delta@5.1.0 REPLACE for: react-quill-new@3.3.1 want: ^5.1.0
24 silly fetch manifest quill@~2.0.2
25 silly fetch manifest fast-diff@^1.3.0
26 silly fetch manifest lodash.clonedeep@^4.5.0
27 http fetch GET 200 https://registry.npmjs.org/lodash.clonedeep 701ms (cache miss)
28 silly fetch manifest lodash.isequal@^4.5.0
29 http fetch GET 200 https://registry.npmjs.org/quill 779ms (cache miss)
30 http fetch GET 200 https://registry.npmjs.org/fast-diff 1116ms (cache miss)
31 http fetch GET 200 https://registry.npmjs.org/lodash.isequal 414ms (cache miss)
32 silly fetch manifest typescript@>= 2.7
33 http fetch GET 200 https://registry.npmjs.org/typescript 3313ms (cache miss)
34 silly placeDep ROOT typescript@6.0.2 OK for: fork-ts-checker-webpack-plugin@6.5.3 want: >= 2.7
35 silly fetch manifest quill-delta@^3.6.2
36 silly placeDep node_modules/quill quill-delta@3.6.3 OK for: quill@1.3.7 want: ^3.6.2
37 silly fetch manifest fast-diff@1.1.2
38 silly placeDep ROOT fast-diff@1.3.0 OK for: quill-delta@5.1.0 want: ^1.3.0
39 silly placeDep ROOT lodash.clonedeep@4.5.0 OK for: quill-delta@5.1.0 want: ^4.5.0
40 silly placeDep ROOT lodash.isequal@4.5.0 OK for: quill-delta@5.1.0 want: ^4.5.0
41 silly placeDep node_modules/react-quill-new quill@2.0.3 OK for: react-quill-new@3.3.1 want: ~2.0.2
42 silly fetch manifest lodash-es@^4.17.21
43 silly fetch manifest parchment@^3.0.0
44 silly fetch manifest eventemitter3@^5.0.1
45 http fetch GET 200 https://registry.npmjs.org/parchment 141ms (cache miss)
46 http fetch GET 200 https://registry.npmjs.org/eventemitter3 213ms (cache miss)
47 http fetch GET 200 https://registry.npmjs.org/lodash-es 403ms (cache miss)
48 silly fetch manifest typescript@^3.2.1 || ^4
49 silly placeDep ROOT typescript@4.9.5 REPLACE for: react-scripts@5.0.1 want: ^3.2.1 || ^4
50 silly placeDep node_modules/quill fast-diff@1.1.2 OK for: quill-delta@3.6.3 want: 1.1.2
51 silly placeDep node_modules/react-quill-new eventemitter3@5.0.4 OK for: quill@2.0.3 want: ^5.0.1
52 silly placeDep ROOT lodash-es@4.18.1 OK for: quill@2.0.3 want: ^4.17.21
53 silly placeDep node_modules/react-quill-new parchment@3.0.0 OK for: quill@2.0.3 want: ^3.0.0
54 silly fetch manifest yaml@^2.4.2
55 http fetch GET 200 https://registry.npmjs.org/yaml 137ms (cache miss)
56 silly placeDep node_modules/tailwindcss yaml@2.8.3 OK for: postcss-load-config@6.0.1 want: ^2.4.2
57 silly reify mark retired [ 'F:\\GCS\\GCS_admin_panel\\node_modules\\@types\\quill' ]
58 silly reify mark retired [ 'F:\\GCS\\GCS_admin_panel\\node_modules\\clone' ]
59 silly reify mark retired [ 'F:\\GCS\\GCS_admin_panel\\node_modules\\deep-equal' ]
60 silly reify mark retired [ 'F:\\GCS\\GCS_admin_panel\\node_modules\\extend' ]
61 silly reify mark retired [ 'F:\\GCS\\GCS_admin_panel\\node_modules\\fast-diff' ]
62 silly reify mark retired [ 'F:\\GCS\\GCS_admin_panel\\node_modules\\is-arguments' ]
63 silly reify mark retired [ 'F:\\GCS\\GCS_admin_panel\\node_modules\\object-is' ]
64 silly reify mark retired [ 'F:\\GCS\\GCS_admin_panel\\node_modules\\parchment' ]
65 silly reify mark retired [ 'F:\\GCS\\GCS_admin_panel\\node_modules\\quill' ]
66 silly reify mark retired [ 'F:\\GCS\\GCS_admin_panel\\node_modules\\quill-delta' ]
67 silly reify mark retired [ 'F:\\GCS\\GCS_admin_panel\\node_modules\\react-quill' ]
68 silly reify moves {
68 silly reify   'F:\\GCS\\GCS_admin_panel\\node_modules\\@types\\quill': 'F:\\GCS\\GCS_admin_panel\\node_modules\\@types\\.quill-GFmmK9JH',
68 silly reify   'F:\\GCS\\GCS_admin_panel\\node_modules\\clone': 'F:\\GCS\\GCS_admin_panel\\node_modules\\.clone-AXZ8vB3f',
68 silly reify   'F:\\GCS\\GCS_admin_panel\\node_modules\\deep-equal': 'F:\\GCS\\GCS_admin_panel\\node_modules\\.deep-equal-72rDNjio',
68 silly reify   'F:\\GCS\\GCS_admin_panel\\node_modules\\extend': 'F:\\GCS\\GCS_admin_panel\\node_modules\\.extend-nENjIn8n',
68 silly reify   'F:\\GCS\\GCS_admin_panel\\node_modules\\fast-diff': 'F:\\GCS\\GCS_admin_panel\\node_modules\\.fast-diff-xDl4vsyB',
68 silly reify   'F:\\GCS\\GCS_admin_panel\\node_modules\\is-arguments': 'F:\\GCS\\GCS_admin_panel\\node_modules\\.is-arguments-tYgGs0Pw',
68 silly reify   'F:\\GCS\\GCS_admin_panel\\node_modules\\object-is': 'F:\\GCS\\GCS_admin_panel\\node_modules\\.object-is-V5FFAZk6',
68 silly reify   'F:\\GCS\\GCS_admin_panel\\node_modules\\parchment': 'F:\\GCS\\GCS_admin_panel\\node_modules\\.parchment-X4EdM7IQ',
68 silly reify   'F:\\GCS\\GCS_admin_panel\\node_modules\\quill': 'F:\\GCS\\GCS_admin_panel\\node_modules\\.quill-9Nyx5slT',
68 silly reify   'F:\\GCS\\GCS_admin_panel\\node_modules\\quill-delta': 'F:\\GCS\\GCS_admin_panel\\node_modules\\.quill-delta-nplgNiBY',
68 silly reify   'F:\\GCS\\GCS_admin_panel\\node_modules\\react-quill': 'F:\\GCS\\GCS_admin_panel\\node_modules\\.react-quill-lXMS3PuB'
68 silly reify }
69 silly audit bulk request {
69 silly audit   '@adobe/css-tools': [ '4.4.4' ],
69 silly audit   '@alloc/quick-lru': [ '5.2.0' ],
69 silly audit   '@babel/code-frame': [ '7.29.0' ],
69 silly audit   '@babel/compat-data': [ '7.29.0' ],
69 silly audit   '@babel/core': [ '7.29.0' ],
69 silly audit   semver: [ '6.3.1', '7.7.4' ],
69 silly audit   '@babel/eslint-parser': [ '7.28.6' ],
69 silly audit   'eslint-visitor-keys': [ '2.1.0', '3.4.3' ],
69 silly audit   '@babel/generator': [ '7.29.1' ],
69 silly audit   '@babel/helper-annotate-as-pure': [ '7.27.3' ],
69 silly audit   '@babel/helper-compilation-targets': [ '7.28.6' ],
69 silly audit   '@babel/helper-create-class-features-plugin': [ '7.28.6' ],
69 silly audit   '@babel/helper-create-regexp-features-plugin': [ '7.28.5' ],
69 silly audit   '@babel/helper-define-polyfill-provider': [ '0.6.8' ],
69 silly audit   '@babel/helper-globals': [ '7.28.0' ],
69 silly audit   '@babel/helper-member-expression-to-functions': [ '7.28.5' ],
69 silly audit   '@babel/helper-module-imports': [ '7.28.6' ],
69 silly audit   '@babel/helper-module-transforms': [ '7.28.6' ],
69 silly audit   '@babel/helper-optimise-call-expression': [ '7.27.1' ],
69 silly audit   '@babel/helper-plugin-utils': [ '7.28.6' ],
69 silly audit   '@babel/helper-remap-async-to-generator': [ '7.27.1' ],
69 silly audit   '@babel/helper-replace-supers': [ '7.28.6' ],
69 silly audit   '@babel/helper-skip-transparent-expression-wrappers': [ '7.27.1' ],
69 silly audit   '@babel/helper-string-parser': [ '7.27.1' ],
69 silly audit   '@babel/helper-validator-identifier': [ '7.28.5' ],
69 silly audit   '@babel/helper-validator-option': [ '7.27.1' ],
69 silly audit   '@babel/helper-wrap-function': [ '7.28.6' ],
69 silly audit   '@babel/helpers': [ '7.29.2' ],
69 silly audit   '@babel/parser': [ '7.29.2' ],
69 silly audit   '@babel/plugin-bugfix-firefox-class-in-computed-class-key': [ '7.28.5' ],
69 silly audit   '@babel/plugin-bugfix-safari-class-field-initializer-scope': [ '7.27.1' ],
69 silly audit   '@babel/plugin-bugfix-safari-id-destructuring-collision-in-function-expression': [ '7.27.1' ],
69 silly audit   '@babel/plugin-bugfix-v8-spread-parameters-in-optional-chaining': [ '7.27.1' ],
69 silly audit   '@babel/plugin-bugfix-v8-static-class-fields-redefine-readonly': [ '7.28.6' ],
69 silly audit   '@babel/plugin-proposal-class-properties': [ '7.18.6' ],
69 silly audit   '@babel/plugin-proposal-decorators': [ '7.29.0' ],
69 silly audit   '@babel/plugin-proposal-nullish-coalescing-operator': [ '7.18.6' ],
69 silly audit   '@babel/plugin-proposal-numeric-separator': [ '7.18.6' ],
69 silly audit   '@babel/plugin-proposal-optional-chaining': [ '7.21.0' ],
69 silly audit   '@babel/plugin-proposal-private-methods': [ '7.18.6' ],
69 silly audit   '@babel/plugin-proposal-private-property-in-object': [ '7.21.0-placeholder-for-preset-env.2', '7.21.11' ],
69 silly audit   '@babel/plugin-syntax-async-generators': [ '7.8.4' ],
69 silly audit   '@babel/plugin-syntax-bigint': [ '7.8.3' ],
69 silly audit   '@babel/plugin-syntax-class-properties': [ '7.12.13' ],
69 silly audit   '@babel/plugin-syntax-class-static-block': [ '7.14.5' ],
69 silly audit   '@babel/plugin-syntax-decorators': [ '7.28.6' ],
69 silly audit   '@babel/plugin-syntax-flow': [ '7.28.6' ],
69 silly audit   '@babel/plugin-syntax-import-assertions': [ '7.28.6' ],
69 silly audit   '@babel/plugin-syntax-import-attributes': [ '7.28.6' ],
69 silly audit   '@babel/plugin-syntax-import-meta': [ '7.10.4' ],
69 silly audit   '@babel/plugin-syntax-json-strings': [ '7.8.3' ],
69 silly audit   '@babel/plugin-syntax-jsx': [ '7.28.6' ],
69 silly audit   '@babel/plugin-syntax-logical-assignment-operators': [ '7.10.4' ],
69 silly audit   '@babel/plugin-syntax-nullish-coalescing-operator': [ '7.8.3' ],
69 silly audit   '@babel/plugin-syntax-numeric-separator': [ '7.10.4' ],
69 silly audit   '@babel/plugin-syntax-object-rest-spread': [ '7.8.3' ],
69 silly audit   '@babel/plugin-syntax-optional-catch-binding': [ '7.8.3' ],
69 silly audit   '@babel/plugin-syntax-optional-chaining': [ '7.8.3' ],
69 silly audit   '@babel/plugin-syntax-private-property-in-object': [ '7.14.5' ],
69 silly audit   '@babel/plugin-syntax-top-level-await': [ '7.14.5' ],
69 silly audit   '@babel/plugin-syntax-typescript': [ '7.28.6' ],
69 silly audit   '@babel/plugin-syntax-unicode-sets-regex': [ '7.18.6' ],
69 silly audit   '@babel/plugin-transform-arrow-functions': [ '7.27.1' ],
69 silly audit   '@babel/plugin-transform-async-generator-functions': [ '7.29.0' ],
69 silly audit   '@babel/plugin-transform-async-to-generator': [ '7.28.6' ],
69 silly audit   '@babel/plugin-transform-block-scoped-functions': [ '7.27.1' ],
69 silly audit   '@babel/plugin-transform-block-scoping': [ '7.28.6' ],
69 silly audit   '@babel/plugin-transform-class-properties': [ '7.28.6' ],
69 silly audit   '@babel/plugin-transform-class-static-block': [ '7.28.6' ],
69 silly audit   '@babel/plugin-transform-classes': [ '7.28.6' ],
69 silly audit   '@babel/plugin-transform-computed-properties': [ '7.28.6' ],
69 silly audit   '@babel/plugin-transform-destructuring': [ '7.28.5' ],
69 silly audit   '@babel/plugin-transform-dotall-regex': [ '7.28.6' ],
69 silly audit   '@babel/plugin-transform-duplicate-keys': [ '7.27.1' ],
69 silly audit   '@babel/plugin-transform-duplicate-named-capturing-groups-regex': [ '7.29.0' ],
69 silly audit   '@babel/plugin-transform-dynamic-import': [ '7.27.1' ],
69 silly audit   '@babel/plugin-transform-explicit-resource-management': [ '7.28.6' ],
69 silly audit   '@babel/plugin-transform-exponentiation-operator': [ '7.28.6' ],
69 silly audit   '@babel/plugin-transform-export-namespace-from': [ '7.27.1' ],
69 silly audit   '@babel/plugin-transform-flow-strip-types': [ '7.27.1' ],
69 silly audit   '@babel/plugin-transform-for-of': [ '7.27.1' ],
69 silly audit   '@babel/plugin-transform-function-name': [ '7.27.1' ],
69 silly audit   '@babel/plugin-transform-json-strings': [ '7.28.6' ],
69 silly audit   '@babel/plugin-transform-literals': [ '7.27.1' ],
69 silly audit   '@babel/plugin-transform-logical-assignment-operators': [ '7.28.6' ],
69 silly audit   '@babel/plugin-transform-member-expression-literals': [ '7.27.1' ],
69 silly audit   '@babel/plugin-transform-modules-amd': [ '7.27.1' ],
69 silly audit   '@babel/plugin-transform-modules-commonjs': [ '7.28.6' ],
69 silly audit   '@babel/plugin-transform-modules-systemjs': [ '7.29.0' ],
69 silly audit   '@babel/plugin-transform-modules-umd': [ '7.27.1' ],
69 silly audit   '@babel/plugin-transform-named-capturing-groups-regex': [ '7.29.0' ],
69 silly audit   '@babel/plugin-transform-new-target': [ '7.27.1' ],
69 silly audit   '@babel/plugin-transform-nullish-coalescing-operator': [ '7.28.6' ],
69 silly audit   '@babel/plugin-transform-numeric-separator': [ '7.28.6' ],
69 silly audit   '@babel/plugin-transform-object-rest-spread': [ '7.28.6' ],
69 silly audit   '@babel/plugin-transform-object-super': [ '7.27.1' ],
69 silly audit   '@babel/plugin-transform-optional-catch-binding': [ '7.28.6' ],
69 silly audit   '@babel/plugin-transform-optional-chaining': [ '7.28.6' ],
69 silly audit   '@babel/plugin-transform-parameters': [ '7.27.7' ],
69 silly audit   '@babel/plugin-transform-private-methods': [ '7.28.6' ],
69 silly audit   '@babel/plugin-transform-private-property-in-object': [ '7.28.6' ],
69 silly audit   '@babel/plugin-transform-property-literals': [ '7.27.1' ],
69 silly audit   '@babel/plugin-transform-react-constant-elements': [ '7.27.1' ],
69 silly audit   '@babel/plugin-transform-react-display-name': [ '7.28.0' ],
69 silly audit   '@babel/plugin-transform-react-jsx': [ '7.28.6' ],
69 silly audit   '@babel/plugin-transform-react-jsx-development': [ '7.27.1' ],
69 silly audit   '@babel/plugin-transform-react-pure-annotations': [ '7.27.1' ],
69 silly audit   '@babel/plugin-transform-regenerator': [ '7.29.0' ],
69 silly audit   '@babel/plugin-transform-regexp-modifiers': [ '7.28.6' ],
69 silly audit   '@babel/plugin-transform-reserved-words': [ '7.27.1' ],
69 silly audit   '@babel/plugin-transform-runtime': [ '7.29.0' ],
69 silly audit   'babel-plugin-polyfill-corejs3': [ '0.13.0', '0.14.2' ],
69 silly audit   '@babel/plugin-transform-shorthand-properties': [ '7.27.1' ],
69 silly audit   '@babel/plugin-transform-spread': [ '7.28.6' ],
69 silly audit   '@babel/plugin-transform-sticky-regex': [ '7.27.1' ],
69 silly audit   '@babel/plugin-transform-template-literals': [ '7.27.1' ],
69 silly audit   '@babel/plugin-transform-typeof-symbol': [ '7.27.1' ],
69 silly audit   '@babel/plugin-transform-typescript': [ '7.28.6' ],
69 silly audit   '@babel/plugin-transform-unicode-escapes': [ '7.27.1' ],
69 silly audit   '@babel/plugin-transform-unicode-property-regex': [ '7.28.6' ],
69 silly audit   '@babel/plugin-transform-unicode-regex': [ '7.27.1' ],
69 silly audit   '@babel/plugin-transform-unicode-sets-regex': [ '7.28.6' ],
69 silly audit   '@babel/preset-env': [ '7.29.2' ],
69 silly audit   '@babel/preset-modules': [ '0.1.6-no-external-plugins' ],
69 silly audit   '@babel/preset-react': [ '7.28.5' ],
69 silly audit   '@babel/preset-typescript': [ '7.28.5' ],
69 silly audit   '@babel/runtime': [ '7.29.2' ],
69 silly audit   '@babel/template': [ '7.28.6' ],
69 silly audit   '@babel/traverse': [ '7.29.0' ],
69 silly audit   '@babel/types': [ '7.29.0' ],
69 silly audit   '@bcoe/v8-coverage': [ '0.2.3' ],
69 silly audit   '@csstools/normalize.css': [ '12.1.1' ],
69 silly audit   '@csstools/postcss-cascade-layers': [ '1.1.1' ],
69 silly audit   '@csstools/postcss-color-function': [ '1.1.1' ],
69 silly audit   '@csstools/postcss-font-format-keywords': [ '1.0.1' ],
69 silly audit   '@csstools/postcss-hwb-function': [ '1.0.2' ],
69 silly audit   '@csstools/postcss-ic-unit': [ '1.0.1' ],
69 silly audit   '@csstools/postcss-is-pseudo-class': [ '2.0.7' ],
69 silly audit   '@csstools/postcss-nested-calc': [ '1.0.0' ],
69 silly audit   '@csstools/postcss-normalize-display-values': [ '1.0.1' ],
69 silly audit   '@csstools/postcss-oklab-function': [ '1.1.1' ],
69 silly audit   '@csstools/postcss-progressive-custom-properties': [ '1.3.0' ],
69 silly audit   '@csstools/postcss-stepped-value-functions': [ '1.0.1' ],
69 silly audit   '@csstools/postcss-text-decoration-shorthand': [ '1.0.0' ],
69 silly audit   '@csstools/postcss-trigonometric-functions': [ '1.0.2' ],
69 silly audit   '@csstools/postcss-unset-value': [ '1.0.2' ],
69 silly audit   '@csstools/selector-specificity': [ '2.2.0' ],
69 silly audit   '@eslint-community/eslint-utils': [ '4.9.1' ],
69 silly audit   '@eslint-community/regexpp': [ '4.12.2' ],
69 silly audit   '@eslint/eslintrc': [ '2.1.4' ],
69 silly audit   argparse: [ '2.0.1', '1.0.10' ],
69 silly audit   'js-yaml': [ '4.1.1', '3.14.2' ],
69 silly audit   '@eslint/js': [ '8.57.1' ],
69 silly audit   '@floating-ui/core': [ '1.7.5' ],
69 silly audit   '@floating-ui/dom': [ '1.7.6' ],
69 silly audit   '@floating-ui/react-dom': [ '2.1.8' ],
69 silly audit   '@floating-ui/utils': [ '0.2.11' ],
69 silly audit   '@hookform/resolvers': [ '5.2.2' ],
69 silly audit   '@humanwhocodes/config-array': [ '0.13.0' ],
69 silly audit   '@humanwhocodes/module-importer': [ '1.0.1' ],
69 silly audit   '@humanwhocodes/object-schema': [ '2.0.3' ],
69 silly audit   '@isaacs/fs-minipass': [ '4.0.1' ],
69 silly audit   '@istanbuljs/load-nyc-config': [ '1.1.0' ],
69 silly audit   camelcase: [ '5.3.1', '6.3.0' ],
69 silly audit   '@istanbuljs/schema': [ '0.1.6' ],
69 silly audit   '@jest/console': [ '27.5.1', '28.1.3' ],
69 silly audit   '@jest/core': [ '27.5.1' ],
69 silly audit   '@jest/environment': [ '27.5.1' ],
69 silly audit   '@jest/fake-timers': [ '27.5.1' ],
69 silly audit   '@jest/globals': [ '27.5.1' ],
69 silly audit   '@jest/reporters': [ '27.5.1' ],
69 silly audit   'source-map': [ '0.6.1', '0.7.6', '0.8.0-beta.0' ],
69 silly audit   '@jest/schemas': [ '28.1.3' ],
69 silly audit   '@jest/source-map': [ '27.5.1' ],
69 silly audit   '@jest/test-result': [ '27.5.1', '28.1.3' ],
69 silly audit   '@jest/test-sequencer': [ '27.5.1' ],
69 silly audit   '@jest/transform': [ '27.5.1' ],
69 silly audit   'convert-source-map': [ '1.9.0', '2.0.0' ],
69 silly audit   '@jest/types': [ '27.5.1', '28.1.3' ],
69 silly audit   '@jridgewell/gen-mapping': [ '0.3.13' ],
69 silly audit   '@jridgewell/remapping': [ '2.3.5' ],
69 silly audit   '@jridgewell/resolve-uri': [ '3.1.2' ],
69 silly audit   '@jridgewell/source-map': [ '0.3.11' ],
69 silly audit   '@jridgewell/sourcemap-codec': [ '1.5.5' ],
69 silly audit   '@jridgewell/trace-mapping': [ '0.3.31' ],
69 silly audit   '@leichtgewicht/ip-codec': [ '2.0.5' ],
69 silly audit   '@mapbox/node-pre-gyp': [ '1.0.11' ],
69 silly audit   '@nicolo-ribaudo/eslint-scope-5-internals': [ '5.1.1-v1' ],
69 silly audit   'eslint-scope': [ '5.1.1', '7.2.2' ],
69 silly audit   estraverse: [ '4.3.0', '5.3.0' ],
69 silly audit   '@nodelib/fs.scandir': [ '2.1.5' ],
69 silly audit   '@nodelib/fs.stat': [ '2.0.5' ],
69 silly audit   '@nodelib/fs.walk': [ '1.2.8' ],
69 silly audit   '@pmmmwh/react-refresh-webpack-plugin': [ '0.5.17' ],
69 silly audit   '@radix-ui/number': [ '1.1.1' ],
69 silly audit   '@radix-ui/primitive': [ '1.1.3' ],
69 silly audit   '@radix-ui/react-alert-dialog': [ '1.1.15' ],
69 silly audit   '@radix-ui/react-arrow': [ '1.1.7' ],
69 silly audit   '@radix-ui/react-collection': [ '1.1.7' ],
69 silly audit   '@radix-ui/react-compose-refs': [ '1.1.2' ],
69 silly audit   '@radix-ui/react-context': [ '1.1.2' ],
69 silly audit   '@radix-ui/react-dialog': [ '1.1.15' ],
69 silly audit   '@radix-ui/react-direction': [ '1.1.1' ],
69 silly audit   '@radix-ui/react-dismissable-layer': [ '1.1.11' ],
69 silly audit   '@radix-ui/react-dropdown-menu': [ '2.1.16' ],
69 silly audit   '@radix-ui/react-focus-guards': [ '1.1.3' ],
69 silly audit   '@radix-ui/react-focus-scope': [ '1.1.7' ],
69 silly audit   '@radix-ui/react-id': [ '1.1.1' ],
69 silly audit   '@radix-ui/react-label': [ '2.1.8' ],
69 silly audit   '@radix-ui/react-primitive': [ '2.1.4', '2.1.3' ],
69 silly audit   '@radix-ui/react-slot': [ '1.2.4', '1.2.3' ],
69 silly audit   '@radix-ui/react-menu': [ '2.1.16' ],
69 silly audit   '@radix-ui/react-popper': [ '1.2.8' ],
69 silly audit   '@radix-ui/react-portal': [ '1.1.9' ],
69 silly audit   '@radix-ui/react-presence': [ '1.1.5' ],
69 silly audit   '@radix-ui/react-radio-group': [ '1.3.8' ],
69 silly audit   '@radix-ui/react-roving-focus': [ '1.1.11' ],
69 silly audit   '@radix-ui/react-select': [ '2.2.6' ],
69 silly audit   '@radix-ui/react-separator': [ '1.1.8' ],
69 silly audit   '@radix-ui/react-tooltip': [ '1.2.8' ],
69 silly audit   '@radix-ui/react-use-callback-ref': [ '1.1.1' ],
69 silly audit   '@radix-ui/react-use-controllable-state': [ '1.2.2' ],
69 silly audit   '@radix-ui/react-use-effect-event': [ '0.0.2' ],
69 silly audit   '@radix-ui/react-use-escape-keydown': [ '1.1.1' ],
69 silly audit   '@radix-ui/react-use-layout-effect': [ '1.1.1' ],
69 silly audit   '@radix-ui/react-use-previous': [ '1.1.1' ],
69 silly audit   '@radix-ui/react-use-rect': [ '1.1.1' ],
69 silly audit   '@radix-ui/react-use-size': [ '1.1.1' ],
69 silly audit   '@radix-ui/react-visually-hidden': [ '1.2.3' ],
69 silly audit   '@radix-ui/rect': [ '1.1.1' ],
69 silly audit   '@rollup/plugin-babel': [ '5.3.1' ],
69 silly audit   '@rollup/plugin-node-resolve': [ '11.2.1' ],
69 silly audit   '@rollup/plugin-replace': [ '2.4.2' ],
69 silly audit   '@rollup/pluginutils': [ '3.1.0' ],
69 silly audit   '@types/estree': [ '0.0.39', '1.0.8' ],
69 silly audit   '@rtsao/scc': [ '1.1.0' ],
69 silly audit   '@rushstack/eslint-patch': [ '1.16.1' ],
69 silly audit   '@sinclair/typebox': [ '0.24.51' ],
69 silly audit   '@sinonjs/commons': [ '1.8.6' ],
69 silly audit   '@sinonjs/fake-timers': [ '8.1.0' ],
69 silly audit   '@standard-schema/utils': [ '0.3.0' ],
69 silly audit   '@surma/rollup-plugin-off-main-thread': [ '2.2.3' ],
69 silly audit   '@svgr/babel-plugin-add-jsx-attribute': [ '5.4.0' ],
69 silly audit   '@svgr/babel-plugin-remove-jsx-attribute': [ '5.4.0' ],
69 silly audit   '@svgr/babel-plugin-remove-jsx-empty-expression': [ '5.0.1' ],
69 silly audit   '@svgr/babel-plugin-replace-jsx-attribute-value': [ '5.0.1' ],
69 silly audit   '@svgr/babel-plugin-svg-dynamic-title': [ '5.4.0' ],
69 silly audit   '@svgr/babel-plugin-svg-em-dimensions': [ '5.4.0' ],
69 silly audit   '@svgr/babel-plugin-transform-react-native-svg': [ '5.4.0' ],
69 silly audit   '@svgr/babel-plugin-transform-svg-component': [ '5.5.0' ],
69 silly audit   '@svgr/babel-preset': [ '5.5.0' ],
69 silly audit   '@svgr/core': [ '5.5.0' ],
69 silly audit   '@svgr/hast-util-to-babel-ast': [ '5.5.0' ],
69 silly audit   '@svgr/plugin-jsx': [ '5.5.0' ],
69 silly audit   '@svgr/plugin-svgo': [ '5.5.0' ],
69 silly audit   '@svgr/webpack': [ '5.5.0' ],
69 silly audit   '@testing-library/dom': [ '10.4.1' ],
69 silly audit   '@testing-library/jest-dom': [ '6.9.1' ],
69 silly audit   'dom-accessibility-api': [ '0.6.3', '0.5.16' ],
69 silly audit   '@testing-library/react': [ '16.3.2' ],
69 silly audit   '@testing-library/user-event': [ '13.5.0' ],
69 silly audit   '@tootallnate/once': [ '1.1.2' ],
69 silly audit   '@types/aria-query': [ '5.0.4' ],
69 silly audit   '@types/babel__core': [ '7.20.5' ],
69 silly audit   '@types/babel__generator': [ '7.27.0' ],
69 silly audit   '@types/babel__template': [ '7.4.4' ],
69 silly audit   '@types/babel__traverse': [ '7.28.0' ],
69 silly audit   '@types/body-parser': [ '1.19.6' ],
69 silly audit   '@types/bonjour': [ '3.5.13' ],
69 silly audit   '@types/connect': [ '3.4.38' ],
69 silly audit   '@types/connect-history-api-fallback': [ '1.5.4' ],
69 silly audit   '@types/eslint': [ '8.56.12' ],
69 silly audit   '@types/eslint-scope': [ '3.7.7' ],
69 silly audit   '@types/express': [ '4.17.25' ],
69 silly audit   '@types/express-serve-static-core': [ '5.1.1', '4.19.8' ],
69 silly audit   '@types/graceful-fs': [ '4.1.9' ],
69 silly audit   '@types/html-minifier-terser': [ '6.1.0' ],
69 silly audit   '@types/http-errors': [ '2.0.5' ],
69 silly audit   '@types/http-proxy': [ '1.17.17' ],
69 silly audit   '@types/istanbul-lib-coverage': [ '2.0.6' ],
69 silly audit   '@types/istanbul-lib-report': [ '3.0.3' ],
69 silly audit   '@types/istanbul-reports': [ '3.0.4' ],
69 silly audit   '@types/json-schema': [ '7.0.15' ],
69 silly audit   '@types/json5': [ '0.0.29' ],
69 silly audit   '@types/mime': [ '1.3.5' ],
69 silly audit   '@types/node': [ '25.6.0' ],
69 silly audit   '@types/node-forge': [ '1.3.14' ],
69 silly audit   '@types/parse-json': [ '4.0.2' ],
69 silly audit   '@types/prettier': [ '2.7.3' ],
69 silly audit   '@types/q': [ '1.5.8' ],
69 silly audit   '@types/qs': [ '6.15.0' ],
69 silly audit   '@types/range-parser': [ '1.2.7' ],
69 silly audit   '@types/resolve': [ '1.17.1' ],
69 silly audit   '@types/retry': [ '0.12.0' ],
69 silly audit   '@types/semver': [ '7.7.1' ],
69 silly audit   '@types/send': [ '1.2.1', '0.17.6' ],
69 silly audit   '@types/serve-index': [ '1.9.4' ],
69 silly audit   '@types/serve-static': [ '1.15.10' ],
69 silly audit   '@types/sockjs': [ '0.3.36' ],
69 silly audit   '@types/stack-utils': [ '2.0.3' ],
69 silly audit   '@types/trusted-types': [ '2.0.7' ],
69 silly audit   '@types/ws': [ '8.18.1' ],
69 silly audit   '@types/yargs': [ '16.0.11', '17.0.35' ],
69 silly audit   '@types/yargs-parser': [ '21.0.3' ],
69 silly audit   '@typescript-eslint/eslint-plugin': [ '5.62.0' ],
69 silly audit   '@typescript-eslint/experimental-utils': [ '5.62.0' ],
69 silly audit   '@typescript-eslint/parser': [ '5.62.0' ],
69 silly audit   '@typescript-eslint/scope-manager': [ '5.62.0' ],
69 silly audit   '@typescript-eslint/type-utils': [ '5.62.0' ],
69 silly audit   '@typescript-eslint/types': [ '5.62.0' ],
69 silly audit   '@typescript-eslint/typescript-estree': [ '5.62.0' ],
69 silly audit   '@typescript-eslint/utils': [ '5.62.0' ],
69 silly audit   '@typescript-eslint/visitor-keys': [ '5.62.0' ],
69 silly audit   '@ungap/structured-clone': [ '1.3.0' ],
69 silly audit   '@webassemblyjs/ast': [ '1.14.1' ],
69 silly audit   '@webassemblyjs/floating-point-hex-parser': [ '1.13.2' ],
69 silly audit   '@webassemblyjs/helper-api-error': [ '1.13.2' ],
69 silly audit   '@webassemblyjs/helper-buffer': [ '1.14.1' ],
69 silly audit   '@webassemblyjs/helper-numbers': [ '1.13.2' ],
69 silly audit   '@webassemblyjs/helper-wasm-bytecode': [ '1.13.2' ],
69 silly audit   '@webassemblyjs/helper-wasm-section': [ '1.14.1' ],
69 silly audit   '@webassemblyjs/ieee754': [ '1.13.2' ],
69 silly audit   '@webassemblyjs/leb128': [ '1.13.2' ],
69 silly audit   '@webassemblyjs/utf8': [ '1.13.2' ],
69 silly audit   '@webassemblyjs/wasm-edit': [ '1.14.1' ],
69 silly audit   '@webassemblyjs/wasm-gen': [ '1.14.1' ],
69 silly audit   '@webassemblyjs/wasm-opt': [ '1.14.1' ],
69 silly audit   '@webassemblyjs/wasm-parser': [ '1.14.1' ],
69 silly audit   '@webassemblyjs/wast-printer': [ '1.14.1' ],
69 silly audit   '@xmldom/xmldom': [ '0.8.12' ],
69 silly audit   '@xtuc/ieee754': [ '1.2.0' ],
69 silly audit   '@xtuc/long': [ '4.2.2' ],
69 silly audit   abab: [ '2.0.6' ],
69 silly audit   abbrev: [ '1.1.1' ],
69 silly audit   accepts: [ '1.3.8' ],
69 silly audit   negotiator: [ '0.6.3', '0.6.4' ],
69 silly audit   acorn: [ '8.16.0', '7.4.1' ],
69 silly audit   'acorn-globals': [ '6.0.0' ],
69 silly audit   'acorn-import-phases': [ '1.0.4' ],
69 silly audit   'acorn-jsx': [ '5.3.2' ],
69 silly audit   'acorn-walk': [ '7.2.0' ],
69 silly audit   address: [ '1.2.2' ],
69 silly audit   'adjust-sourcemap-loader': [ '4.0.0' ],
69 silly audit   'agent-base': [ '6.0.2' ],
69 silly audit   ajv: [ '6.14.0', '8.18.0' ],
69 silly audit   'ajv-formats': [ '2.1.1' ],
69 silly audit   'json-schema-traverse': [ '1.0.0', '0.4.1' ],
69 silly audit   'ajv-keywords': [ '3.5.2', '5.1.0' ],
69 silly audit   'ansi-escapes': [ '4.3.2' ],
69 silly audit   'type-fest': [ '0.21.3', '0.16.0', '0.20.2' ],
69 silly audit   'ansi-html': [ '0.0.9' ],
69 silly audit   'ansi-html-community': [ '0.0.8' ],
69 silly audit   'ansi-regex': [ '5.0.1', '6.2.2' ],
69 silly audit   'ansi-styles': [ '5.2.0', '4.3.0', '3.2.1' ],
69 silly audit   'any-promise': [ '1.3.0' ],
69 silly audit   anymatch: [ '3.1.3' ],
69 silly audit   aproba: [ '2.1.0' ],
69 silly audit   'are-we-there-yet': [ '2.0.0' ],
69 silly audit   'readable-stream': [ '3.6.2', '2.3.8' ],
69 silly audit   arg: [ '5.0.2' ],
69 silly audit   'aria-hidden': [ '1.2.6' ],
69 silly audit   'aria-query': [ '5.3.0', '5.3.2' ],
69 silly audit   'array-buffer-byte-length': [ '1.0.2' ],
69 silly audit   'array-flatten': [ '1.1.1' ],
69 silly audit   'array-includes': [ '3.1.9' ],
69 silly audit   'array-union': [ '2.1.0' ],
69 silly audit   'array.prototype.findlast': [ '1.2.5' ],
69 silly audit   'array.prototype.findlastindex': [ '1.2.6' ],
69 silly audit   'array.prototype.flat': [ '1.3.3' ],
69 silly audit   'array.prototype.flatmap': [ '1.3.3' ],
69 silly audit   'array.prototype.reduce': [ '1.0.8' ],
69 silly audit   'array.prototype.tosorted': [ '1.1.4' ],
69 silly audit   'arraybuffer.prototype.slice': [ '1.0.4' ],
69 silly audit   asap: [ '2.0.6' ],
69 silly audit   'ast-types-flow': [ '0.0.8' ],
69 silly audit   async: [ '3.2.6' ],
69 silly audit   'async-function': [ '1.0.0' ],
69 silly audit   asynckit: [ '0.4.0' ],
69 silly audit   'at-least-node': [ '1.0.0' ],
69 silly audit   autoprefixer: [ '10.5.0' ],
69 silly audit   'available-typed-arrays': [ '1.0.7' ],
69 silly audit   'axe-core': [ '4.11.3' ],
69 silly audit   axios: [ '1.15.0' ],
69 silly audit   'axobject-query': [ '4.1.0' ],
69 silly audit   'babel-jest': [ '27.5.1' ],
69 silly audit   'babel-loader': [ '8.4.1' ],
69 silly audit   'schema-utils': [ '2.7.1', '3.3.0', '2.7.0', '4.3.3' ],
69 silly audit   'babel-plugin-istanbul': [ '6.1.1' ],
69 silly audit   'babel-plugin-jest-hoist': [ '27.5.1' ],
69 silly audit   'babel-plugin-macros': [ '3.1.0' ],
69 silly audit   'babel-plugin-named-asset-import': [ '0.3.8' ],
69 silly audit   'babel-plugin-polyfill-corejs2': [ '0.4.17' ],
69 silly audit   'babel-plugin-polyfill-regenerator': [ '0.6.8' ],
69 silly audit   'babel-plugin-transform-react-remove-prop-types': [ '0.4.24' ],
69 silly audit   'babel-preset-current-node-syntax': [ '1.2.0' ],
69 silly audit   'babel-preset-jest': [ '27.5.1' ],
69 silly audit   'babel-preset-react-app': [ '10.1.0' ],
69 silly audit   'balanced-match': [ '1.0.2' ],
69 silly audit   'base64-js': [ '1.5.1' ],
69 silly audit   'baseline-browser-mapping': [ '2.10.19' ],
69 silly audit   batch: [ '0.6.1' ],
69 silly audit   bfj: [ '7.1.0' ],
69 silly audit   bluebird: [ '3.7.2', '3.4.7' ],
69 silly audit   'big.js': [ '5.2.2' ],
69 silly audit   'binary-extensions': [ '2.3.0' ],
69 silly audit   'body-parser': [ '1.20.4' ],
69 silly audit   debug: [ '2.6.9', '4.4.3', '3.2.7' ],
69 silly audit   'iconv-lite': [ '0.4.24', '0.6.3' ],
69 silly audit   ms: [ '2.0.0', '2.1.3' ],
69 silly audit   'bonjour-service': [ '1.3.0' ],
69 silly audit   boolbase: [ '1.0.0' ],
69 silly audit   'brace-expansion': [ '1.1.14', '2.1.0' ],
69 silly audit   braces: [ '3.0.3' ],
69 silly audit   'browser-process-hrtime': [ '1.0.0' ],
69 silly audit   browserslist: [ '4.28.2' ],
69 silly audit   bser: [ '2.1.1' ],
69 silly audit   'buffer-from': [ '1.1.2' ],
69 silly audit   'builtin-modules': [ '3.3.0' ],
69 silly audit   bytes: [ '3.1.2' ],
69 silly audit   'call-bind': [ '1.0.9' ],
69 silly audit   'call-bind-apply-helpers': [ '1.0.2' ],
69 silly audit   'call-bound': [ '1.0.4' ],
69 silly audit   callsites: [ '3.1.0' ],
69 silly audit   'camel-case': [ '4.1.2' ],
69 silly audit   'camelcase-css': [ '2.0.1' ],
69 silly audit   'caniuse-api': [ '3.0.0' ],
69 silly audit   'caniuse-lite': [ '1.0.30001788' ],
69 silly audit   canvas: [ '2.11.2' ],
69 silly audit   'case-sensitive-paths-webpack-plugin': [ '2.4.0' ],
69 silly audit   chalk: [ '4.1.2', '2.4.2' ],
69 silly audit   'char-regex': [ '1.0.2', '2.0.2' ],
69 silly audit   'check-types': [ '11.2.3' ],
69 silly audit   chokidar: [ '3.6.0' ],
69 silly audit   'glob-parent': [ '5.1.2', '6.0.2' ],
69 silly audit   chownr: [ '3.0.0' ],
69 silly audit   'chrome-trace-event': [ '1.0.4' ],
69 silly audit   'ci-info': [ '3.9.0' ],
69 silly audit   'cjs-module-lexer': [ '1.4.3' ],
69 silly audit   'class-variance-authority': [ '0.7.1' ],
69 silly audit   'clean-css': [ '5.3.3' ],
69 silly audit   cliui: [ '7.0.4' ],
69 silly audit   clsx: [ '2.1.1' ],
69 silly audit   co: [ '4.6.0' ],
69 silly audit   coa: [ '2.0.2' ],
69 silly audit   'color-convert': [ '1.9.3', '2.0.1' ],
69 silly audit   'color-name': [ '1.1.3', '1.1.4' ],
69 silly audit   'escape-string-regexp': [ '1.0.5', '4.0.0', '2.0.0' ],
69 silly audit   'has-flag': [ '3.0.0', '4.0.0' ],
69 silly audit   'supports-color': [ '5.5.0', '8.1.1', '7.2.0' ],
69 silly audit   'collect-v8-coverage': [ '1.0.3' ],
69 silly audit   'color-support': [ '1.1.3' ],
69 silly audit   colord: [ '2.9.3' ],
69 silly audit   colorette: [ '2.0.20' ],
69 silly audit   'combined-stream': [ '1.0.8' ],
69 silly audit   commander: [ '8.3.0', '7.2.0', '4.1.1', '2.20.3' ],
69 silly audit   'common-tags': [ '1.8.2' ],
69 silly audit   commondir: [ '1.0.1' ],
69 silly audit   compressible: [ '2.0.18' ],
69 silly audit   compression: [ '1.8.1' ],
69 silly audit   'safe-buffer': [ '5.2.1', '5.1.2' ],
69 silly audit   'concat-map': [ '0.0.1' ],
69 silly audit   'confusing-browser-globals': [ '1.0.11' ],
69 silly audit   'connect-history-api-fallback': [ '2.0.0' ],
69 silly audit   'console-control-strings': [ '1.1.0' ],
69 silly audit   'content-disposition': [ '0.5.4' ],
69 silly audit   'content-type': [ '1.0.5' ],
69 silly audit   cookie: [ '1.1.1', '0.7.2' ],
69 silly audit   'cookie-signature': [ '1.0.7' ],
69 silly audit   'core-js': [ '3.49.0' ],
69 silly audit   'core-js-compat': [ '3.49.0' ],
69 silly audit   'core-js-pure': [ '3.49.0' ],
69 silly audit   'core-util-is': [ '1.0.3' ],
69 silly audit   cosmiconfig: [ '7.1.0', '6.0.0' ],
69 silly audit   'cross-spawn': [ '7.0.6' ],
69 silly audit   'crypto-random-string': [ '2.0.0' ],
69 silly audit   'css-blank-pseudo': [ '3.0.3' ],
69 silly audit   'css-declaration-sorter': [ '6.4.1' ],
69 silly audit   'css-has-pseudo': [ '3.0.4' ],
69 silly audit   'css-loader': [ '6.11.0' ],
69 silly audit   'css-minimizer-webpack-plugin': [ '3.4.1' ],
69 silly audit   'css-prefers-color-scheme': [ '6.0.3' ],
69 silly audit   'css-select': [ '4.3.0', '2.1.0' ],
69 silly audit   'css-select-base-adapter': [ '0.1.1' ],
69 silly audit   'css-tree': [ '1.0.0-alpha.37', '1.1.3' ],
69 silly audit   'css-what': [ '6.2.2', '3.4.2' ],
69 silly audit   'css.escape': [ '1.5.1' ],
69 silly audit   cssdb: [ '7.11.2' ],
69 silly audit   cssesc: [ '3.0.0' ],
69 silly audit   cssnano: [ '5.1.15' ],
69 silly audit   'cssnano-preset-default': [ '5.2.14' ],
69 silly audit   'cssnano-utils': [ '3.1.0' ],
69 silly audit   csso: [ '4.2.0' ],
69 silly audit   'mdn-data': [ '2.0.14', '2.0.4' ],
69 silly audit   cssom: [ '0.4.4', '0.3.8' ],
69 silly audit   cssstyle: [ '2.3.0' ],
69 silly audit   'damerau-levenshtein': [ '1.0.8' ],
69 silly audit   'data-urls': [ '2.0.0' ],
69 silly audit   tr46: [ '2.1.0', '0.0.3', '1.0.1' ],
69 silly audit   'whatwg-url': [ '8.7.0', '5.0.0', '7.1.0' ],
69 silly audit   'data-view-buffer': [ '1.0.2' ],
69 silly audit   'data-view-byte-length': [ '1.0.2' ],
69 silly audit   'data-view-byte-offset': [ '1.0.1' ],
69 silly audit   'date-fns': [ '3.6.0' ],
69 silly audit   'decimal.js': [ '10.6.0' ],
69 silly audit   'decompress-response': [ '4.2.1' ],
69 silly audit   dedent: [ '0.7.0' ],
69 silly audit   'deep-is': [ '0.1.4' ],
69 silly audit   deepmerge: [ '4.3.1' ],
69 silly audit   'default-gateway': [ '6.0.3' ],
69 silly audit   'define-data-property': [ '1.1.4' ],
69 silly audit   'define-lazy-prop': [ '2.0.0' ],
69 silly audit   'define-properties': [ '1.2.1' ],
69 silly audit   'delayed-stream': [ '1.0.0' ],
69 silly audit   delegates: [ '1.0.0' ],
69 silly audit   depd: [ '2.0.0', '1.1.2' ],
69 silly audit   dequal: [ '2.0.3' ],
69 silly audit   destroy: [ '1.2.0' ],
69 silly audit   'detect-libc': [ '2.1.2' ],
69 silly audit   'detect-newline': [ '3.1.0' ],
69 silly audit   'detect-node': [ '2.1.0' ],
69 silly audit   'detect-node-es': [ '1.1.0' ],
69 silly audit   'detect-port-alt': [ '1.1.6' ],
69 silly audit   didyoumean: [ '1.2.2' ],
69 silly audit   'diff-sequences': [ '27.5.1' ],
69 silly audit   'dingbat-to-unicode': [ '1.0.1' ],
69 silly audit   'dir-glob': [ '3.0.1' ],
69 silly audit   dlv: [ '1.1.3' ],
69 silly audit   'dns-packet': [ '5.6.1' ],
69 silly audit   doctrine: [ '3.0.0', '2.1.0' ],
69 silly audit   'dom-converter': [ '0.2.0' ],
69 silly audit   'dom-serializer': [ '1.4.1', '0.2.2' ],
69 silly audit   domelementtype: [ '2.3.0', '1.3.1' ],
69 silly audit   domexception: [ '2.0.1' ],
69 silly audit   'webidl-conversions': [ '5.0.0', '6.1.0', '3.0.1', '4.0.2' ],
69 silly audit   domhandler: [ '4.3.1' ],
69 silly audit   domutils: [ '2.8.0', '1.7.0' ],
69 silly audit   'dot-case': [ '3.0.4' ],
69 silly audit   dotenv: [ '10.0.0' ],
69 silly audit   'dotenv-expand': [ '5.1.0' ],
69 silly audit   duck: [ '0.1.12' ],
69 silly audit   'dunder-proto': [ '1.0.1' ],
69 silly audit   duplexer: [ '0.1.2' ],
69 silly audit   'ee-first': [ '1.1.1' ],
69 silly audit   ejs: [ '3.1.10' ],
69 silly audit   'electron-to-chromium': [ '1.5.336' ],
69 silly audit   emittery: [ '0.8.1', '0.10.2' ],
69 silly audit   'emoji-regex': [ '9.2.2', '8.0.0' ],
69 silly audit   'emojis-list': [ '3.0.0' ],
69 silly audit   encodeurl: [ '2.0.0' ],
69 silly audit   'enhanced-resolve': [ '5.20.1' ],
69 silly audit   entities: [ '2.2.0' ],
69 silly audit   'error-ex': [ '1.3.4' ],
69 silly audit   'error-stack-parser': [ '2.1.4' ],
69 silly audit   'es-abstract': [ '1.24.2' ],
69 silly audit   'es-array-method-boxes-properly': [ '1.0.0' ],
69 silly audit   'es-define-property': [ '1.0.1' ],
69 silly audit   'es-errors': [ '1.3.0' ],
69 silly audit   'es-iterator-helpers': [ '1.3.2' ],
69 silly audit   'es-module-lexer': [ '2.0.0' ],
69 silly audit   'es-object-atoms': [ '1.1.1' ],
69 silly audit   'es-set-tostringtag': [ '2.1.0' ],
69 silly audit   'es-shim-unscopables': [ '1.1.0' ],
69 silly audit   'es-to-primitive': [ '1.3.0' ],
69 silly audit   escalade: [ '3.2.0' ],
69 silly audit   'escape-html': [ '1.0.3' ],
69 silly audit   escodegen: [ '2.1.0' ],
69 silly audit   eslint: [ '8.57.1' ],
69 silly audit   'eslint-config-react-app': [ '7.0.1' ],
69 silly audit   'eslint-import-resolver-node': [ '0.3.10' ],
69 silly audit   resolve: [ '2.0.0-next.6', '1.22.12' ],
69 silly audit   'eslint-module-utils': [ '2.12.1' ],
69 silly audit   'eslint-plugin-flowtype': [ '8.0.3' ],
69 silly audit   'eslint-plugin-import': [ '2.32.0' ],
69 silly audit   'eslint-plugin-jest': [ '25.7.0' ],
69 silly audit   'eslint-plugin-jsx-a11y': [ '6.10.2' ],
69 silly audit   'eslint-plugin-react': [ '7.37.5' ],
69 silly audit   'eslint-plugin-react-hooks': [ '4.6.2' ],
69 silly audit   'eslint-plugin-testing-library': [ '5.11.1' ],
69 silly audit   'eslint-webpack-plugin': [ '3.2.0' ],
69 silly audit   'jest-worker': [ '28.1.3', '27.5.1' ],
69 silly audit   'find-up': [ '5.0.0', '4.1.0', '3.0.0' ],
69 silly audit   'locate-path': [ '6.0.0', '5.0.0', '3.0.0' ],
69 silly audit   'p-limit': [ '3.1.0', '2.3.0' ],
69 silly audit   'p-locate': [ '5.0.0', '4.1.0', '3.0.0' ],
69 silly audit   espree: [ '9.6.1' ],
69 silly audit   esprima: [ '4.0.1', '1.2.5' ],
69 silly audit   esquery: [ '1.7.0' ],
69 silly audit   esrecurse: [ '4.3.0' ],
69 silly audit   'estree-walker': [ '1.0.1' ],
69 silly audit   esutils: [ '2.0.3' ],
69 silly audit   etag: [ '1.8.1' ],
69 silly audit   eventemitter3: [ '4.0.7', '5.0.4' ],
69 silly audit   events: [ '3.3.0' ],
69 silly audit   execa: [ '5.1.1' ],
69 silly audit   exit: [ '0.1.2' ],
69 silly audit   expect: [ '27.5.1' ],
69 silly audit   express: [ '4.22.1' ],
69 silly audit   'fast-deep-equal': [ '3.1.3' ],
69 silly audit   'fast-glob': [ '3.3.3' ],
69 silly audit   'fast-json-stable-stringify': [ '2.1.0' ],
69 silly audit   'fast-levenshtein': [ '2.0.6' ],
69 silly audit   'fast-uri': [ '3.1.0' ],
69 silly audit   fastq: [ '1.20.1' ],
69 silly audit   'faye-websocket': [ '0.11.4' ],
69 silly audit   'fb-watchman': [ '2.0.2' ],
69 silly audit   'file-entry-cache': [ '6.0.1' ],
69 silly audit   'file-loader': [ '6.2.0' ],
69 silly audit   filelist: [ '1.0.6' ],
69 silly audit   minimatch: [ '5.1.9', '3.1.5' ],
69 silly audit   filesize: [ '8.0.7' ],
69 silly audit   'fill-range': [ '7.1.1' ],
69 silly audit   finalhandler: [ '1.3.2' ],
69 silly audit   'find-cache-dir': [ '3.3.2' ],
69 silly audit   'flat-cache': [ '3.2.0' ],
69 silly audit   flatted: [ '3.4.2' ],
69 silly audit   'follow-redirects': [ '1.16.0' ],
69 silly audit   'for-each': [ '0.3.5' ],
69 silly audit   'fork-ts-checker-webpack-plugin': [ '6.5.3' ],
69 silly audit   'fs-extra': [ '9.1.0', '10.1.0' ],
69 silly audit   tapable: [ '1.1.3', '2.3.2' ],
69 silly audit   'form-data': [ '4.0.5', '3.0.4' ],
69 silly audit   forwarded: [ '0.2.0' ],
69 silly audit   'fraction.js': [ '5.3.4' ],
69 silly audit   fresh: [ '0.5.2' ],
69 silly audit   'fs-monkey': [ '1.1.0' ],
69 silly audit   'fs.realpath': [ '1.0.0' ],
69 silly audit   fsevents: [ '2.3.3' ],
69 silly audit   'function-bind': [ '1.1.2' ],
69 silly audit   'function.prototype.name': [ '1.1.8' ],
69 silly audit   'functions-have-names': [ '1.2.3' ],
69 silly audit   gauge: [ '3.0.2' ],
69 silly audit   'generator-function': [ '2.0.1' ],
69 silly audit   gensync: [ '1.0.0-beta.2' ],
69 silly audit   'get-caller-file': [ '2.0.5' ],
69 silly audit   'get-intrinsic': [ '1.3.0' ],
69 silly audit   'get-nonce': [ '1.0.1' ],
69 silly audit   'get-own-enumerable-property-symbols': [ '3.0.2' ],
69 silly audit   'get-package-type': [ '0.1.0' ],
69 silly audit   'get-proto': [ '1.0.1' ],
69 silly audit   'get-stream': [ '6.0.1' ],
69 silly audit   'get-symbol-description': [ '1.1.0' ],
69 silly audit   glob: [ '7.2.3' ],
69 silly audit   'glob-to-regexp': [ '0.4.1' ],
69 silly audit   'global-modules': [ '2.0.0' ],
69 silly audit   'global-prefix': [ '3.0.0' ],
69 silly audit   which: [ '1.3.1', '2.0.2' ],
69 silly audit   globals: [ '13.24.0' ],
69 silly audit   globalthis: [ '1.0.4' ],
69 silly audit   globby: [ '11.1.0' ],
69 silly audit   gopd: [ '1.2.0' ],
69 silly audit   'graceful-fs': [ '4.2.11' ],
69 silly audit   graphemer: [ '1.4.0' ],
69 silly audit   'gzip-size': [ '6.0.0' ],
69 silly audit   'handle-thing': [ '2.0.1' ],
69 silly audit   'harmony-reflect': [ '1.6.2' ],
69 silly audit   'has-bigints': [ '1.1.0' ],
69 silly audit   'has-property-descriptors': [ '1.0.2' ],
69 silly audit   'has-proto': [ '1.2.0' ],
69 silly audit   'has-symbols': [ '1.1.0' ],
69 silly audit   'has-tostringtag': [ '1.0.2' ],
69 silly audit   'has-unicode': [ '2.0.1' ],
69 silly audit   hasown: [ '2.0.2' ],
69 silly audit   he: [ '1.2.0' ],
69 silly audit   hoopy: [ '0.1.4' ],
69 silly audit   'hpack.js': [ '2.1.6' ],
69 silly audit   'html-encoding-sniffer': [ '2.0.1' ],
69 silly audit   'html-entities': [ '2.6.0' ],
69 silly audit   'html-escaper': [ '2.0.2' ],
69 silly audit   'html-minifier-terser': [ '6.1.0' ],
69 silly audit   'html-webpack-plugin': [ '5.6.6' ],
69 silly audit   htmlparser2: [ '6.1.0' ],
69 silly audit   'http-deceiver': [ '1.2.7' ],
69 silly audit   'http-errors': [ '2.0.1', '1.8.1' ],
69 silly audit   'http-parser-js': [ '0.5.10' ],
69 silly audit   'http-proxy': [ '1.18.1' ],
69 silly audit   'http-proxy-agent': [ '4.0.1' ],
69 silly audit   'http-proxy-middleware': [ '2.0.9' ],
69 silly audit   'https-proxy-agent': [ '5.0.1' ],
69 silly audit   'human-signals': [ '2.1.0' ],
69 silly audit   'icss-utils': [ '5.1.0' ],
69 silly audit   idb: [ '7.1.1' ],
69 silly audit   'identity-obj-proxy': [ '3.0.0' ],
69 silly audit   ignore: [ '5.3.2' ],
69 silly audit   immediate: [ '3.0.6' ],
69 silly audit   immer: [ '9.0.21' ],
69 silly audit   'import-fresh': [ '3.3.1' ],
69 silly audit   'resolve-from': [ '4.0.0', '5.0.0' ],
69 silly audit   'import-local': [ '3.2.0' ],
69 silly audit   imurmurhash: [ '0.1.4' ],
69 silly audit   'indent-string': [ '4.0.0' ],
69 silly audit   inflight: [ '1.0.6' ],
69 silly audit   inherits: [ '2.0.4' ],
69 silly audit   ini: [ '1.3.8' ],
69 silly audit   'internal-slot': [ '1.1.0' ],
69 silly audit   'ipaddr.js': [ '2.3.0', '1.9.1' ],
69 silly audit   'is-array-buffer': [ '3.0.5' ],
69 silly audit   'is-arrayish': [ '0.2.1' ],
69 silly audit   'is-async-function': [ '2.1.1' ],
69 silly audit   'is-bigint': [ '1.1.0' ],
69 silly audit   'is-binary-path': [ '2.1.0' ],
69 silly audit   'is-boolean-object': [ '1.2.2' ],
69 silly audit   'is-callable': [ '1.2.7' ],
69 silly audit   'is-core-module': [ '2.16.1' ],
69 silly audit   'is-data-view': [ '1.0.2' ],
69 silly audit   'is-date-object': [ '1.1.0' ],
69 silly audit   'is-docker': [ '2.2.1' ],
69 silly audit   'is-extglob': [ '2.1.1' ],
69 silly audit   'is-finalizationregistry': [ '1.1.1' ],
69 silly audit   'is-fullwidth-code-point': [ '3.0.0' ],
69 silly audit   'is-generator-fn': [ '2.1.0' ],
69 silly audit   'is-generator-function': [ '1.1.2' ],
69 silly audit   'is-glob': [ '4.0.3' ],
69 silly audit   'is-map': [ '2.0.3' ],
69 silly audit   'is-module': [ '1.0.0' ],
69 silly audit   'is-negative-zero': [ '2.0.3' ],
69 silly audit   'is-number': [ '7.0.0' ],
69 silly audit   'is-number-object': [ '1.1.1' ],
69 silly audit   'is-obj': [ '1.0.1' ],
69 silly audit   'is-path-inside': [ '3.0.3' ],
69 silly audit   'is-plain-obj': [ '3.0.0' ],
69 silly audit   'is-potential-custom-element-name': [ '1.0.1' ],
69 silly audit   'is-regex': [ '1.2.1' ],
69 silly audit   'is-regexp': [ '1.0.0' ],
69 silly audit   'is-root': [ '2.1.0' ],
69 silly audit   'is-set': [ '2.0.3' ],
69 silly audit   'is-shared-array-buffer': [ '1.0.4' ],
69 silly audit   'is-stream': [ '2.0.1' ],
69 silly audit   'is-string': [ '1.1.1' ],
69 silly audit   'is-symbol': [ '1.1.1' ],
69 silly audit   'is-typed-array': [ '1.1.15' ],
69 silly audit   'is-typedarray': [ '1.0.0' ],
69 silly audit   'is-weakmap': [ '2.0.2' ],
69 silly audit   'is-weakref': [ '1.1.1' ],
69 silly audit   'is-weakset': [ '2.0.4' ],
69 silly audit   'is-wsl': [ '2.2.0' ],
69 silly audit   isarray: [ '1.0.0', '2.0.5' ],
69 silly audit   isexe: [ '2.0.0' ],
69 silly audit   'istanbul-lib-coverage': [ '3.2.2' ],
69 silly audit   'istanbul-lib-instrument': [ '5.2.1' ],
69 silly audit   'istanbul-lib-report': [ '3.0.1' ],
69 silly audit   'make-dir': [ '4.0.0', '3.1.0' ],
69 silly audit   'istanbul-lib-source-maps': [ '4.0.1' ],
69 silly audit   'istanbul-reports': [ '3.2.0' ],
69 silly audit   'iterator.prototype': [ '1.1.5' ],
69 silly audit   jake: [ '10.9.4' ],
69 silly audit   jest: [ '27.5.1' ],
69 silly audit   'jest-changed-files': [ '27.5.1' ],
69 silly audit   'jest-circus': [ '27.5.1' ],
69 silly audit   'jest-cli': [ '27.5.1' ],
69 silly audit   'jest-config': [ '27.5.1' ],
69 silly audit   'jest-diff': [ '27.5.1' ],
69 silly audit   'jest-docblock': [ '27.5.1' ],
69 silly audit   'jest-each': [ '27.5.1' ],
69 silly audit   'jest-environment-jsdom': [ '27.5.1' ],
69 silly audit   'jest-environment-node': [ '27.5.1' ],
69 silly audit   'jest-get-type': [ '27.5.1' ],
69 silly audit   'jest-haste-map': [ '27.5.1' ],
69 silly audit   'jest-jasmine2': [ '27.5.1' ],
69 silly audit   'jest-leak-detector': [ '27.5.1' ],
69 silly audit   'jest-matcher-utils': [ '27.5.1' ],
69 silly audit   'jest-message-util': [ '27.5.1', '28.1.3' ],
69 silly audit   'jest-mock': [ '27.5.1' ],
69 silly audit   'jest-pnp-resolver': [ '1.2.3' ],
69 silly audit   'jest-regex-util': [ '27.5.1', '28.0.2' ],
69 silly audit   'jest-resolve': [ '27.5.1' ],
69 silly audit   'jest-resolve-dependencies': [ '27.5.1' ],
69 silly audit   'jest-runner': [ '27.5.1' ],
69 silly audit   'jest-runtime': [ '27.5.1' ],
69 silly audit   'jest-serializer': [ '27.5.1' ],
69 silly audit   'jest-snapshot': [ '27.5.1' ],
69 silly audit   'jest-util': [ '27.5.1', '28.1.3' ],
69 silly audit   'jest-validate': [ '27.5.1' ],
69 silly audit   'jest-watch-typeahead': [ '1.1.0' ],
69 silly audit   slash: [ '3.0.0', '4.0.0' ],
69 silly audit   'jest-watcher': [ '28.1.3', '27.5.1' ],
69 silly audit   'string-length': [ '4.0.2', '5.0.1' ],
69 silly audit   'strip-ansi': [ '6.0.1', '7.2.0' ],
69 silly audit   'pretty-format': [ '28.1.3', '27.5.1' ],
69 silly audit   'react-is': [ '18.3.1', '16.13.1', '17.0.2' ],
69 silly audit   jiti: [ '1.21.7' ],
69 silly audit   'js-tokens': [ '4.0.0' ],
69 silly audit   jsdom: [ '16.7.0' ],
69 silly audit   jsesc: [ '3.1.0' ],
69 silly audit   'json-buffer': [ '3.0.1' ],
69 silly audit   'json-parse-even-better-errors': [ '2.3.1' ],
69 silly audit   'json-stable-stringify-without-jsonify': [ '1.0.1' ],
69 silly audit   json5: [ '2.2.3', '1.0.2' ],
69 silly audit   jsonfile: [ '6.2.0' ],
69 silly audit   jsonpath: [ '1.3.0' ],
69 silly audit   underscore: [ '1.13.6', '1.13.8' ],
69 silly audit   jsonpointer: [ '5.0.1' ],
69 silly audit   'jsx-ast-utils': [ '3.3.5' ],
69 silly audit   jszip: [ '3.10.1' ],
69 silly audit   keyv: [ '4.5.4' ],
69 silly audit   'kind-of': [ '6.0.3' ],
69 silly audit   kleur: [ '3.0.3' ],
69 silly audit   klona: [ '2.0.6' ],
69 silly audit   'language-subtag-registry': [ '0.3.23' ],
69 silly audit   'language-tags': [ '1.0.9' ],
69 silly audit   'launch-editor': [ '2.13.2' ],
69 silly audit   leven: [ '3.1.0' ],
69 silly audit   levn: [ '0.4.1' ],
69 silly audit   lie: [ '3.3.0' ],
69 silly audit   lilconfig: [ '2.1.0', '3.1.3' ],
69 silly audit   'lines-and-columns': [ '1.2.4' ],
69 silly audit   'loader-runner': [ '4.3.1' ],
69 silly audit   'loader-utils': [ '2.0.4', '3.3.1' ],
69 silly audit   lodash: [ '4.18.1' ],
69 silly audit   'lodash.debounce': [ '4.0.8' ],
69 silly audit   'lodash.memoize': [ '4.1.2' ],
69 silly audit   'lodash.merge': [ '4.6.2' ],
69 silly audit   'lodash.sortby': [ '4.7.0' ],
69 silly audit   'lodash.uniq': [ '4.5.0' ],
69 silly audit   'loose-envify': [ '1.4.0' ],
69 silly audit   lop: [ '0.4.2' ],
69 silly audit   'lower-case': [ '2.0.2' ],
69 silly audit   'lru-cache': [ '5.1.1' ],
69 silly audit   'lucide-react': [ '0.562.0' ],
69 silly audit   'lz-string': [ '1.5.0' ],
69 silly audit   'magic-string': [ '0.25.9' ],
69 silly audit   makeerror: [ '1.0.12' ],
69 silly audit   mammoth: [ '1.12.0' ],
69 silly audit   'math-intrinsics': [ '1.1.0' ],
69 silly audit   'media-typer': [ '0.3.0' ],
69 silly audit   memfs: [ '3.5.3' ],
69 silly audit   'merge-descriptors': [ '1.0.3' ],
69 silly audit   'merge-stream': [ '2.0.0' ],
69 silly audit   merge2: [ '1.4.1' ],
69 silly audit   methods: [ '1.1.2' ],
69 silly audit   micromatch: [ '4.0.8' ],
69 silly audit   mime: [ '1.6.0' ],
69 silly audit   'mime-db': [ '1.52.0' ],
69 silly audit   'mime-types': [ '2.1.35' ],
69 silly audit   'mimic-fn': [ '2.1.0' ],
69 silly audit   'mimic-response': [ '2.1.0' ],
69 silly audit   'min-indent': [ '1.0.1' ],
69 silly audit   'mini-css-extract-plugin': [ '2.10.2' ],
69 silly audit   'minimalistic-assert': [ '1.0.1' ],
69 silly audit   minimist: [ '1.2.8' ],
69 silly audit   minipass: [ '7.1.3' ],
69 silly audit   minizlib: [ '3.1.0' ],
69 silly audit   mkdirp: [ '0.5.6' ],
69 silly audit   'multicast-dns': [ '7.2.5' ],
69 silly audit   mz: [ '2.7.0' ],
69 silly audit   nan: [ '2.26.2' ],
69 silly audit   nanoid: [ '3.3.11' ],
69 silly audit   'natural-compare': [ '1.4.0' ],
69 silly audit   'natural-compare-lite': [ '1.4.0' ],
69 silly audit   'neo-async': [ '2.6.2' ],
69 silly audit   'no-case': [ '3.0.4' ],
69 silly audit   'node-exports-info': [ '1.6.0' ],
69 silly audit   'node-fetch': [ '2.7.0' ],
69 silly audit   'node-forge': [ '1.4.0' ],
69 silly audit   'node-int64': [ '0.4.0' ],
69 silly audit   'node-releases': [ '2.0.37' ],
69 silly audit   nopt: [ '5.0.0' ],
69 silly audit   'normalize-path': [ '3.0.0' ],
69 silly audit   'normalize-url': [ '6.1.0' ],
69 silly audit   'npm-run-path': [ '4.0.1' ],
69 silly audit   npmlog: [ '5.0.1' ],
69 silly audit   'nth-check': [ '2.1.1', '1.0.2' ],
69 silly audit   nwsapi: [ '2.2.23' ],
69 silly audit   'object-assign': [ '4.1.1' ],
69 silly audit   'object-hash': [ '3.0.0' ],
69 silly audit   'object-inspect': [ '1.13.4' ],
69 silly audit   'object-keys': [ '1.1.1' ],
69 silly audit   'object.assign': [ '4.1.7' ],
69 silly audit   'object.entries': [ '1.1.9' ],
69 silly audit   'object.fromentries': [ '2.0.8' ],
69 silly audit   'object.getownpropertydescriptors': [ '2.1.9' ],
69 silly audit   'object.groupby': [ '1.0.3' ],
69 silly audit   'object.values': [ '1.2.1' ],
69 silly audit   obuf: [ '1.1.2' ],
69 silly audit   'on-finished': [ '2.4.1' ],
69 silly audit   'on-headers': [ '1.1.0' ],
69 silly audit   once: [ '1.4.0' ],
69 silly audit   onetime: [ '5.1.2' ],
69 silly audit   open: [ '8.4.2' ],
69 silly audit   option: [ '0.2.4' ],
69 silly audit   optionator: [ '0.9.4' ],
69 silly audit   'own-keys': [ '1.0.1' ],
69 silly audit   'p-retry': [ '4.6.2' ],
69 silly audit   'p-try': [ '2.2.0' ],
69 silly audit   pako: [ '1.0.11' ],
69 silly audit   'param-case': [ '3.0.4' ],
69 silly audit   parchment: [ '3.0.0' ],
69 silly audit   'parent-module': [ '1.0.1' ],
69 silly audit   'parse-json': [ '5.2.0' ],
69 silly audit   parse5: [ '6.0.1' ],
69 silly audit   parseurl: [ '1.3.3' ],
69 silly audit   'pascal-case': [ '3.1.2' ],
69 silly audit   'path-exists': [ '4.0.0', '3.0.0' ],
69 silly audit   'path-is-absolute': [ '1.0.1' ],
69 silly audit   'path-key': [ '3.1.1' ],
69 silly audit   'path-parse': [ '1.0.7' ],
69 silly audit   'path-to-regexp': [ '0.1.13' ],
69 silly audit   'path-type': [ '4.0.0' ],
69 silly audit   'path2d-polyfill': [ '2.0.1' ],
69 silly audit   'pdfjs-dist': [ '3.11.174' ],
69 silly audit   'performance-now': [ '2.1.0' ],
69 silly audit   picocolors: [ '1.1.1', '0.2.1' ],
69 silly audit   picomatch: [ '2.3.2', '4.0.4' ],
69 silly audit   pify: [ '2.3.0' ],
69 silly audit   pirates: [ '4.0.7' ],
69 silly audit   'pkg-dir': [ '4.2.0' ],
69 silly audit   'pkg-up': [ '3.1.0' ],
69 silly audit   'possible-typed-array-names': [ '1.1.0' ],
69 silly audit   postcss: [ '8.5.9', '7.0.39' ],
69 silly audit   'postcss-attribute-case-insensitive': [ '5.0.2' ],
69 silly audit   'postcss-browser-comments': [ '4.0.0' ],
69 silly audit   'postcss-calc': [ '8.2.4' ],
69 silly audit   'postcss-clamp': [ '4.1.0' ],
69 silly audit   'postcss-color-functional-notation': [ '4.2.4' ],
69 silly audit   'postcss-color-hex-alpha': [ '8.0.4' ],
69 silly audit   'postcss-color-rebeccapurple': [ '7.1.1' ],
69 silly audit   'postcss-colormin': [ '5.3.1' ],
69 silly audit   'postcss-convert-values': [ '5.1.3' ],
69 silly audit   'postcss-custom-media': [ '8.0.2' ],
69 silly audit   'postcss-custom-properties': [ '12.1.11' ],
69 silly audit   'postcss-custom-selectors': [ '6.0.3' ],
69 silly audit   'postcss-dir-pseudo-class': [ '6.0.5' ],
69 silly audit   'postcss-discard-comments': [ '5.1.2' ],
69 silly audit   'postcss-discard-duplicates': [ '5.1.0' ],
69 silly audit   'postcss-discard-empty': [ '5.1.1' ],
69 silly audit   'postcss-discard-overridden': [ '5.1.0' ],
69 silly audit   'postcss-double-position-gradients': [ '3.1.2' ],
69 silly audit   'postcss-env-function': [ '4.0.6' ],
69 silly audit   'postcss-flexbugs-fixes': [ '5.0.2' ],
69 silly audit   'postcss-focus-visible': [ '6.0.4' ],
69 silly audit   'postcss-focus-within': [ '5.0.4' ],
69 silly audit   'postcss-font-variant': [ '5.0.0' ],
69 silly audit   'postcss-gap-properties': [ '3.0.5' ],
69 silly audit   'postcss-image-set-function': [ '4.0.7' ],
69 silly audit   'postcss-import': [ '15.1.0' ],
69 silly audit   'postcss-initial': [ '4.0.1' ],
69 silly audit   'postcss-js': [ '4.1.0' ],
69 silly audit   'postcss-lab-function': [ '4.2.1' ],
69 silly audit   'postcss-loader': [ '6.2.1' ],
69 silly audit   'postcss-logical': [ '5.0.4' ],
69 silly audit   'postcss-media-minmax': [ '5.0.0' ],
69 silly audit   'postcss-merge-longhand': [ '5.1.7' ],
69 silly audit   'postcss-merge-rules': [ '5.1.4' ],
69 silly audit   'postcss-minify-font-values': [ '5.1.0' ],
69 silly audit   'postcss-minify-gradients': [ '5.1.1' ],
69 silly audit   'postcss-minify-params': [ '5.1.4' ],
69 silly audit   'postcss-minify-selectors': [ '5.2.1' ],
69 silly audit   'postcss-modules-extract-imports': [ '3.1.0' ],
69 silly audit   'postcss-modules-local-by-default': [ '4.2.0' ],
69 silly audit   'postcss-selector-parser': [ '7.1.1', '6.1.2' ],
69 silly audit   'postcss-modules-scope': [ '3.2.1' ],
69 silly audit   'postcss-modules-values': [ '4.0.0' ],
69 silly audit   'postcss-nested': [ '6.2.0' ],
69 silly audit   'postcss-nesting': [ '10.2.0' ],
69 silly audit   'postcss-normalize': [ '10.0.1' ],
69 silly audit   'postcss-normalize-charset': [ '5.1.0' ],
69 silly audit   'postcss-normalize-display-values': [ '5.1.0' ],
69 silly audit   'postcss-normalize-positions': [ '5.1.1' ],
69 silly audit   'postcss-normalize-repeat-style': [ '5.1.1' ],
69 silly audit   'postcss-normalize-string': [ '5.1.0' ],
69 silly audit   'postcss-normalize-timing-functions': [ '5.1.0' ],
69 silly audit   'postcss-normalize-unicode': [ '5.1.1' ],
69 silly audit   'postcss-normalize-url': [ '5.1.0' ],
69 silly audit   'postcss-normalize-whitespace': [ '5.1.1' ],
69 silly audit   'postcss-opacity-percentage': [ '1.1.3' ],
69 silly audit   'postcss-ordered-values': [ '5.1.3' ],
69 silly audit   'postcss-overflow-shorthand': [ '3.0.4' ],
69 silly audit   'postcss-page-break': [ '3.0.4' ],
69 silly audit   'postcss-place': [ '7.0.5' ],
69 silly audit   'postcss-preset-env': [ '7.8.3' ],
69 silly audit   'postcss-pseudo-class-any-link': [ '7.1.6' ],
69 silly audit   'postcss-reduce-initial': [ '5.1.2' ],
69 silly audit   'postcss-reduce-transforms': [ '5.1.0' ],
69 silly audit   'postcss-replace-overflow-wrap': [ '4.0.0' ],
69 silly audit   'postcss-selector-not': [ '6.0.1' ],
69 silly audit   'postcss-svgo': [ '5.1.0' ],
69 silly audit   sax: [ '1.6.0', '1.2.4' ],
69 silly audit   svgo: [ '2.8.2', '1.3.2' ],
69 silly audit   'postcss-unique-selectors': [ '5.1.1' ],
69 silly audit   'postcss-value-parser': [ '4.2.0' ],
69 silly audit   'prelude-ls': [ '1.2.1' ],
69 silly audit   'pretty-bytes': [ '5.6.0' ],
69 silly audit   'pretty-error': [ '4.0.0' ],
69 silly audit   'process-nextick-args': [ '2.0.1' ],
69 silly audit   promise: [ '8.3.0' ],
69 silly audit   prompts: [ '2.4.2' ],
69 silly audit   'prop-types': [ '15.8.1' ],
69 silly audit   'proxy-addr': [ '2.0.7' ],
69 silly audit   'proxy-from-env': [ '2.1.0' ],
69 silly audit   psl: [ '1.15.0' ],
69 silly audit   punycode: [ '2.3.1' ],
69 silly audit   q: [ '1.5.1' ],
69 silly audit   qs: [ '6.14.2' ],
69 silly audit   querystringify: [ '2.2.0' ],
69 silly audit   'queue-microtask': [ '1.2.3' ],
69 silly audit   quill: [ '2.0.3' ],
69 silly audit   raf: [ '3.4.1' ],
69 silly audit   randombytes: [ '2.1.0' ],
69 silly audit   'range-parser': [ '1.2.1' ],
69 silly audit   'raw-body': [ '2.5.3' ],
69 silly audit   react: [ '19.2.5' ],
69 silly audit   'react-app-polyfill': [ '3.0.0' ],
69 silly audit   'react-dev-utils': [ '12.0.1' ],
69 silly audit   'react-dom': [ '19.2.5' ],
69 silly audit   'react-error-overlay': [ '6.1.0' ],
69 silly audit   'react-hook-form': [ '7.72.1' ],
69 silly audit   'react-refresh': [ '0.11.0' ],
69 silly audit   'react-remove-scroll': [ '2.7.2' ],
69 silly audit   'react-remove-scroll-bar': [ '2.3.8' ],
69 silly audit   'react-router': [ '7.14.1' ],
69 silly audit   'react-router-dom': [ '7.14.1' ],
69 silly audit   'react-scripts': [ '5.0.1' ],
69 silly audit   'react-style-singleton': [ '2.2.3' ],
69 silly audit   'react-to-print': [ '3.3.0' ],
69 silly audit   'read-cache': [ '1.0.0' ],
69 silly audit   readdirp: [ '3.6.0' ],
69 silly audit   'recursive-readdir': [ '2.2.3' ],
69 silly audit   redent: [ '3.0.0' ],
69 silly audit   'reflect.getprototypeof': [ '1.0.10' ],
69 silly audit   regenerate: [ '1.4.2' ],
69 silly audit   'regenerate-unicode-properties': [ '10.2.2' ],
69 silly audit   'regenerator-runtime': [ '0.13.11' ],
69 silly audit   'regex-parser': [ '2.3.1' ],
69 silly audit   'regexp.prototype.flags': [ '1.5.4' ],
69 silly audit   'regexpu-core': [ '6.4.0' ],
69 silly audit   regjsgen: [ '0.8.0' ],
69 silly audit   regjsparser: [ '0.13.1' ],
69 silly audit   relateurl: [ '0.2.7' ],
69 silly audit   renderkid: [ '3.0.0' ],
69 silly audit   'require-directory': [ '2.1.1' ],
69 silly audit   'require-from-string': [ '2.0.2' ],
69 silly audit   'requires-port': [ '1.0.0' ],
69 silly audit   'resolve-cwd': [ '3.0.0' ],
69 silly audit   'resolve-url-loader': [ '4.0.0' ],
69 silly audit   'resolve.exports': [ '1.1.1' ],
69 silly audit   retry: [ '0.13.1' ],
69 silly audit   reusify: [ '1.1.0' ],
69 silly audit   rimraf: [ '3.0.2' ],
69 silly audit   rollup: [ '2.80.0' ],
69 silly audit   '@rollup/plugin-terser': [ '0.4.4' ],
69 silly audit   'run-parallel': [ '1.2.0' ],
69 silly audit   'safe-array-concat': [ '1.1.3' ],
69 silly audit   'safe-push-apply': [ '1.0.0' ],
69 silly audit   'safe-regex-test': [ '1.1.0' ],
69 silly audit   'safer-buffer': [ '2.1.2' ],
69 silly audit   'sanitize.css': [ '13.0.0' ],
69 silly audit   'sass-loader': [ '12.6.0' ],
69 silly audit   saxes: [ '5.0.1' ],
69 silly audit   scheduler: [ '0.27.0' ],
69 silly audit   'select-hose': [ '2.0.0' ],
69 silly audit   selfsigned: [ '2.4.1' ],
69 silly audit   send: [ '0.19.2' ],
69 silly audit   'serialize-javascript': [ '6.0.2' ],
69 silly audit   'serve-index': [ '1.9.2' ],
69 silly audit   statuses: [ '1.5.0', '2.0.2' ],
69 silly audit   'serve-static': [ '1.16.3' ],
69 silly audit   'set-blocking': [ '2.0.0' ],
69 silly audit   'set-cookie-parser': [ '2.7.2' ],
69 silly audit   'set-function-length': [ '1.2.2' ],
69 silly audit   'set-function-name': [ '2.0.2' ],
69 silly audit   'set-proto': [ '1.0.0' ],
69 silly audit   setimmediate: [ '1.0.5' ],
69 silly audit   setprototypeof: [ '1.2.0' ],
69 silly audit   'shebang-command': [ '2.0.0' ],
69 silly audit   'shebang-regex': [ '3.0.0' ],
69 silly audit   'shell-quote': [ '1.8.3' ],
69 silly audit   'side-channel': [ '1.1.0' ],
69 silly audit   'side-channel-list': [ '1.0.1' ],
69 silly audit   'side-channel-map': [ '1.0.1' ],
69 silly audit   'side-channel-weakmap': [ '1.0.2' ],
69 silly audit   'signal-exit': [ '3.0.7' ],
69 silly audit   'simple-concat': [ '1.0.1' ],
69 silly audit   'simple-get': [ '3.1.1' ],
69 silly audit   sisteransi: [ '1.0.5' ],
69 silly audit   smob: [ '1.6.1' ],
69 silly audit   sockjs: [ '0.3.24' ],
69 silly audit   sonner: [ '2.0.7' ],
69 silly audit   'source-list-map': [ '2.0.1' ],
69 silly audit   'source-map-js': [ '1.2.1' ],
69 silly audit   'source-map-loader': [ '3.0.2' ],
69 silly audit   'source-map-support': [ '0.5.21' ],
69 silly audit   spdy: [ '4.0.2' ],
69 silly audit   'spdy-transport': [ '3.0.0' ],
69 silly audit   'sprintf-js': [ '1.0.3' ],
69 silly audit   stable: [ '0.1.8' ],
69 silly audit   'stack-utils': [ '2.0.6' ],
69 silly audit   stackframe: [ '1.3.4' ],
69 silly audit   'static-eval': [ '2.1.1' ],
69 silly audit   'stop-iteration-iterator': [ '1.1.0' ],
69 silly audit   string_decoder: [ '1.1.1' ],
69 silly audit   'string-natural-compare': [ '3.0.1' ],
69 silly audit   'string-width': [ '4.2.3' ],
69 silly audit   'string.prototype.includes': [ '2.0.1' ],
69 silly audit   'string.prototype.matchall': [ '4.0.12' ],
69 silly audit   'string.prototype.repeat': [ '1.0.0' ],
69 silly audit   'string.prototype.trim': [ '1.2.10' ],
69 silly audit   'string.prototype.trimend': [ '1.0.9' ],
69 silly audit   'string.prototype.trimstart': [ '1.0.8' ],
69 silly audit   'stringify-object': [ '3.3.0' ],
69 silly audit   'strip-bom': [ '4.0.0', '3.0.0' ],
69 silly audit   'strip-comments': [ '2.0.1' ],
69 silly audit   'strip-final-newline': [ '2.0.0' ],
69 silly audit   'strip-indent': [ '3.0.0' ],
69 silly audit   'strip-json-comments': [ '3.1.1' ],
69 silly audit   'style-loader': [ '3.3.4' ],
69 silly audit   stylehacks: [ '5.1.1' ],
69 silly audit   sucrase: [ '3.35.1' ],
69 silly audit   'supports-hyperlinks': [ '2.3.0' ],
69 silly audit   'supports-preserve-symlinks-flag': [ '1.0.0' ],
69 silly audit   'svg-parser': [ '2.0.4' ],
69 silly audit   'symbol-tree': [ '3.2.4' ],
69 silly audit   'tailwind-merge': [ '3.5.0' ],
69 silly audit   tailwindcss: [ '3.4.19' ],
69 silly audit   'postcss-load-config': [ '6.0.1' ],
69 silly audit   tar: [ '7.5.13' ],
69 silly audit   yallist: [ '5.0.0', '3.1.1' ],
69 silly audit   'temp-dir': [ '2.0.0' ],
69 silly audit   tempy: [ '0.6.0' ],
69 silly audit   'terminal-link': [ '2.1.1' ],
69 silly audit   terser: [ '5.46.1' ],
69 silly audit   'terser-webpack-plugin': [ '5.4.0' ],
69 silly audit   'test-exclude': [ '6.0.0' ],
69 silly audit   'text-table': [ '0.2.0' ],
69 silly audit   thenify: [ '3.3.1' ],
69 silly audit   'thenify-all': [ '1.6.0' ],
69 silly audit   throat: [ '6.0.2' ],
69 silly audit   thunky: [ '1.1.0' ],
69 silly audit   tinyglobby: [ '0.2.16' ],
69 silly audit   fdir: [ '6.5.0' ],
69 silly audit   tmpl: [ '1.0.5' ],
69 silly audit   'to-regex-range': [ '5.0.1' ],
69 silly audit   toidentifier: [ '1.0.1' ],
69 silly audit   'tough-cookie': [ '4.1.4' ],
69 silly audit   universalify: [ '0.2.0', '2.0.1' ],
69 silly audit   tryer: [ '1.0.1' ],
69 silly audit   'ts-interface-checker': [ '0.1.13' ],
69 silly audit   'tsconfig-paths': [ '3.15.0' ],
69 silly audit   tslib: [ '2.8.1', '1.14.1' ],
69 silly audit   tsutils: [ '3.21.0' ],
69 silly audit   'type-check': [ '0.4.0' ],
69 silly audit   'type-detect': [ '4.0.8' ],
69 silly audit   'type-is': [ '1.6.18' ],
69 silly audit   'typed-array-buffer': [ '1.0.3' ],
69 silly audit   'typed-array-byte-length': [ '1.0.3' ],
69 silly audit   'typed-array-byte-offset': [ '1.0.4' ],
69 silly audit   'typed-array-length': [ '1.0.7' ],
69 silly audit   'typedarray-to-buffer': [ '3.1.5' ],
69 silly audit   'unbox-primitive': [ '1.1.0' ],
69 silly audit   'undici-types': [ '7.19.2' ],
69 silly audit   'unicode-canonical-property-names-ecmascript': [ '2.0.1' ],
69 silly audit   'unicode-match-property-ecmascript': [ '2.0.0' ],
69 silly audit   'unicode-match-property-value-ecmascript': [ '2.2.1' ],
69 silly audit   'unicode-property-aliases-ecmascript': [ '2.2.0' ],
69 silly audit   'unique-string': [ '2.0.0' ],
69 silly audit   unpipe: [ '1.0.0' ],
69 silly audit   unquote: [ '1.1.1' ],
69 silly audit   upath: [ '1.2.0' ],
69 silly audit   'update-browserslist-db': [ '1.2.3' ],
69 silly audit   'uri-js': [ '4.4.1' ],
69 silly audit   'url-parse': [ '1.5.10' ],
69 silly audit   'use-callback-ref': [ '1.3.3' ],
69 silly audit   'use-sidecar': [ '1.1.3' ],
69 silly audit   'util-deprecate': [ '1.0.2' ],
69 silly audit   'util.promisify': [ '1.0.1' ],
69 silly audit   utila: [ '0.4.0' ],
69 silly audit   'utils-merge': [ '1.0.1' ],
69 silly audit   uuid: [ '8.3.2' ],
69 silly audit   'v8-to-istanbul': [ '8.1.1' ],
69 silly audit   vary: [ '1.1.2' ],
69 silly audit   'w3c-hr-time': [ '1.0.2' ],
69 silly audit   'w3c-xmlserializer': [ '2.0.0' ],
69 silly audit   walker: [ '1.0.8' ],
69 silly audit   watchpack: [ '2.5.1' ],
69 silly audit   wbuf: [ '1.7.3' ],
69 silly audit   'web-vitals': [ '2.1.4' ],
69 silly audit   webpack: [ '5.106.1' ],
69 silly audit   'webpack-dev-middleware': [ '5.3.4' ],
69 silly audit   'webpack-dev-server': [ '4.15.2' ],
69 silly audit   ws: [ '8.20.0', '7.5.10' ],
69 silly audit   'webpack-manifest-plugin': [ '4.1.1' ],
69 silly audit   'webpack-sources': [ '2.3.1', '3.3.4', '1.4.3' ],
69 silly audit   'websocket-driver': [ '0.7.4' ],
69 silly audit   'websocket-extensions': [ '0.1.4' ],
69 silly audit   'whatwg-encoding': [ '1.0.5' ],
69 silly audit   'whatwg-fetch': [ '3.6.20' ],
69 silly audit   'whatwg-mimetype': [ '2.3.0' ],
69 silly audit   'which-boxed-primitive': [ '1.1.1' ],
69 silly audit   'which-builtin-type': [ '1.2.1' ],
69 silly audit   'which-collection': [ '1.0.2' ],
69 silly audit   'which-typed-array': [ '1.1.20' ],
69 silly audit   'wide-align': [ '1.1.5' ],
69 silly audit   'word-wrap': [ '1.2.5' ],
69 silly audit   'workbox-background-sync': [ '6.6.0' ],
69 silly audit   'workbox-broadcast-update': [ '6.6.0' ],
69 silly audit   'workbox-build': [ '6.6.0' ],
69 silly audit   '@apideck/better-ajv-errors': [ '0.3.7' ],
69 silly audit   'workbox-cacheable-response': [ '6.6.0' ],
69 silly audit   'workbox-core': [ '6.6.0' ],
69 silly audit   'workbox-expiration': [ '6.6.0' ],
69 silly audit   'workbox-google-analytics': [ '6.6.0' ],
69 silly audit   'workbox-navigation-preload': [ '6.6.0' ],
69 silly audit   'workbox-precaching': [ '6.6.0' ],
69 silly audit   'workbox-range-requests': [ '6.6.0' ],
69 silly audit   'workbox-recipes': [ '6.6.0' ],
69 silly audit   'workbox-routing': [ '6.6.0' ],
69 silly audit   'workbox-strategies': [ '6.6.0' ],
69 silly audit   'workbox-streams': [ '6.6.0' ],
69 silly audit   'workbox-sw': [ '6.6.0' ],
69 silly audit   'workbox-webpack-plugin': [ '6.6.0' ],
69 silly audit   'workbox-window': [ '6.6.0' ],
69 silly audit   'wrap-ansi': [ '7.0.0' ],
69 silly audit   wrappy: [ '1.0.2' ],
69 silly audit   'write-file-atomic': [ '3.0.3' ],
69 silly audit   'xml-name-validator': [ '3.0.0' ],
69 silly audit   xmlbuilder: [ '10.1.1' ],
69 silly audit   xmlchars: [ '2.2.0' ],
69 silly audit   y18n: [ '5.0.8' ],
69 silly audit   yaml: [ '1.10.3', '2.8.3' ],
69 silly audit   yargs: [ '16.2.0' ],
69 silly audit   'yargs-parser': [ '20.2.9' ],
69 silly audit   'yocto-queue': [ '0.1.0' ],
69 silly audit   zod: [ '4.3.6' ],
69 silly audit   zustand: [ '5.0.12' ],
69 silly audit   'react-quill-new': [ '3.3.1' ],
69 silly audit   'quill-delta': [ '5.1.0' ],
69 silly audit   'fast-diff': [ '1.3.0' ],
69 silly audit   'lodash.clonedeep': [ '4.5.0' ],
69 silly audit   'lodash.isequal': [ '4.5.0' ],
69 silly audit   typescript: [ '4.9.5' ],
69 silly audit   'lodash-es': [ '4.18.1' ]
69 silly audit }
70 verbose reify failed optional dependency F:\GCS\GCS_admin_panel\node_modules\fsevents
71 silly reify mark deleted [ 'F:\\GCS\\GCS_admin_panel\\node_modules\\fsevents' ]
72 silly tarball no local data for lodash-es@http://registry.npmjs.org/lodash-es/-/lodash-es-4.18.1.tgz. Extracting by manifest.
73 silly tarball no local data for typescript@http://registry.npmjs.org/typescript/-/typescript-4.9.5.tgz. Extracting by manifest.
74 silly tarball no local data for lodash.isequal@http://registry.npmjs.org/lodash.isequal/-/lodash.isequal-4.5.0.tgz. Extracting by manifest.
75 silly tarball no local data for lodash.clonedeep@http://registry.npmjs.org/lodash.clonedeep/-/lodash.clonedeep-4.5.0.tgz. Extracting by manifest.
76 silly tarball no local data for react-quill-new@http://registry.npmjs.org/react-quill-new/-/react-quill-new-3.3.1.tgz. Extracting by manifest.
77 silly tarball no local data for quill-delta@http://registry.npmjs.org/quill-delta/-/quill-delta-5.1.0.tgz. Extracting by manifest.
78 silly tarball no local data for fast-diff@http://registry.npmjs.org/fast-diff/-/fast-diff-1.3.0.tgz. Extracting by manifest.
79 silly tarball no local data for parchment@http://registry.npmjs.org/parchment/-/parchment-3.0.0.tgz. Extracting by manifest.
80 silly tarball no local data for eventemitter3@http://registry.npmjs.org/eventemitter3/-/eventemitter3-5.0.4.tgz. Extracting by manifest.
81 silly tarball no local data for quill@http://registry.npmjs.org/quill/-/quill-2.0.3.tgz. Extracting by manifest.
82 notice Beginning October 4, 2021, all connections to the npm registry - including for package installation - must use TLS 1.2 or higher. You are currently using plaintext http to connect. Please visit the GitHub blog for more information: https://github.blog/2021-08-23-npm-registry-deprecating-tls-1-0-tls-1-1/
83 http fetch POST 426 http://registry.npmjs.org/-/npm/v1/security/advisories/bulk 94ms
84 silly audit bulk request failed Beginning October 4, 2021, all connections to npm websites and the npm registry - including for package installation - must use HTTPS and TLS 1.2 or higher.
84 silly audit
84 silly audit For more information see this blog post: https://github.blog/2021-08-23-npm-registry-deprecating-tls-1-0-tls-1-1/
85 notice Beginning October 4, 2021, all connections to the npm registry - including for package installation - must use TLS 1.2 or higher. You are currently using plaintext http to connect. Please visit the GitHub blog for more information: https://github.blog/2021-08-23-npm-registry-deprecating-tls-1-0-tls-1-1/
86 http fetch POST 426 http://registry.npmjs.org/-/npm/v1/security/audits/quick 64ms
87 verbose audit error HttpErrorGeneral: 426 Upgrade Required - POST http://registry.npmjs.org/-/npm/v1/security/audits/quick
87 verbose audit error     at C:\Program Files\nodejsx\node_modules\npm\node_modules\npm-registry-fetch\lib\check-response.js:95:15
87 verbose audit error     at process.processTicksAndRejections (node:internal/process/task_queues:95:5)
87 verbose audit error     at async [getReport] (C:\Program Files\nodejsx\node_modules\npm\node_modules\@npmcli\arborist\lib\audit-report.js:336:21)
87 verbose audit error     at async AuditReport.run (C:\Program Files\nodejsx\node_modules\npm\node_modules\@npmcli\arborist\lib\audit-report.js:106:19) {
87 verbose audit error   headers: [Object: null prototype] {
87 verbose audit error     date: [ 'Thu, 16 Apr 2026 05:06:34 GMT' ],
87 verbose audit error     'content-type': [ 'text/plain' ],
87 verbose audit error     'content-length': [ '271' ],
87 verbose audit error     connection: [ 'keep-alive' ],
87 verbose audit error     'cf-ray': [ '9ed0a954b943d5f0-BOM' ],
87 verbose audit error     'npm-notice': [
87 verbose audit error       'Beginning October 4, 2021, all connections to the npm registry - including for package installation - must use TLS 1.2 or higher. You are currently using plaintext http to connect. Please visit the GitHub blog for more information: https://github.blog/2021-08-23-npm-registry-deprecating-tls-1-0-tls-1-1/'
87 verbose audit error     ],
87 verbose audit error     vary: [ 'Accept-Encoding' ],
87 verbose audit error     'set-cookie': [
87 verbose audit error       '_cfuvid=pSjOeQwH1k9XPpv.pCe_JlvkJ4sBTNTpZcqcJZJtI20-1776315994367-0.0.1.1-604800000; path=/; domain=.npmjs.org; HttpOnly'
87 verbose audit error     ],
87 verbose audit error     server: [ 'cloudflare' ],
87 verbose audit error     'x-fetch-attempts': [ '1' ]
87 verbose audit error   },
87 verbose audit error   statusCode: 426,
87 verbose audit error   code: 'E426',
87 verbose audit error   method: 'POST',
87 verbose audit error   uri: 'http://registry.npmjs.org/-/npm/v1/security/audits/quick',
87 verbose audit error   body: <Buffer 42 65 67 69 6e 6e 69 6e 67 20 4f 63 74 6f 62 65 72 20 34 2c 20 32 30 32 31 2c 20 61 6c 6c 20 63 6f 6e 6e 65 63 74 69 6f 6e 73 20 74 6f 20 6e 70 6d 20 ... 221 more bytes>,
87 verbose audit error   pkgid: undefined
87 verbose audit error }
88 silly audit error Beginning October 4, 2021, all connections to npm websites and the npm registry - including for package installation - must use HTTPS and TLS 1.2 or higher.
88 silly audit error
88 silly audit error For more information see this blog post: https://github.blog/2021-08-23-npm-registry-deprecating-tls-1-0-tls-1-1/
89 silly audit report null
90 silly tarball no local data for yaml@http://registry.npmjs.org/yaml/-/yaml-2.8.3.tgz. Extracting by manifest.
91 http fetch GET 200 https://registry.npmjs.org/lodash.isequal/-/lodash.isequal-4.5.0.tgz 6079ms (cache miss)
92 warn deprecated lodash.isequal@4.5.0: This package is deprecated. Use require('node:util').isDeepStrictEqual instead.
93 http fetch GET 200 https://registry.npmjs.org/fast-diff/-/fast-diff-1.3.0.tgz 6417ms (cache miss)
94 http fetch GET 200 https://registry.npmjs.org/eventemitter3/-/eventemitter3-5.0.4.tgz 6497ms (cache miss)
95 http fetch GET 200 https://registry.npmjs.org/react-quill-new/-/react-quill-new-3.3.1.tgz 6522ms (cache miss)
96 http fetch GET 200 https://registry.npmjs.org/quill-delta/-/quill-delta-5.1.0.tgz 6548ms (cache miss)
97 http fetch GET 200 https://registry.npmjs.org/lodash.clonedeep/-/lodash.clonedeep-4.5.0.tgz 6900ms (cache miss)
98 http fetch GET 200 https://registry.npmjs.org/parchment/-/parchment-3.0.0.tgz 8698ms (cache miss)
99 http fetch GET 200 https://registry.npmjs.org/yaml/-/yaml-2.8.3.tgz 9590ms (cache miss)
100 http fetch GET 200 https://registry.npmjs.org/quill/-/quill-2.0.3.tgz 14890ms (cache miss)
101 http fetch GET 200 https://registry.npmjs.org/lodash-es/-/lodash-es-4.18.1.tgz 21888ms (cache miss)
102 http fetch GET 200 https://registry.npmjs.org/typescript/-/typescript-4.9.5.tgz 26220ms (cache miss)
103 silly ADD node_modules/lodash-es
104 silly ADD node_modules/typescript
105 silly ADD node_modules/lodash.isequal
106 silly ADD node_modules/lodash.clonedeep
107 silly ADD node_modules/react-quill-new
108 silly ADD node_modules/react-quill-new/node_modules/parchment
109 silly ADD node_modules/react-quill-new/node_modules/eventemitter3
110 silly ADD node_modules/react-quill-new/node_modules/quill
111 silly ADD
112 silly ADD node_modules/tailwindcss/node_modules/yaml
113 silly REMOVE node_modules/react-quill
114 silly CHANGE node_modules/quill-delta
115 silly REMOVE node_modules/quill
116 silly REMOVE node_modules/quill/node_modules/eventemitter3
117 silly REMOVE node_modules/parchment
118 silly REMOVE node_modules/object-is
119 silly REMOVE node_modules/is-arguments
120 silly CHANGE node_modules/fast-diff
121 silly REMOVE node_modules/extend
122 silly REMOVE node_modules/deep-equal
123 silly REMOVE node_modules/clone
124 silly REMOVE node_modules/@types/quill
125 notice
125 notice New major version of npm available! 10.7.0 -> 11.12.1
125 notice Changelog: https://github.com/npm/cli/releases/tag/v11.12.1
125 notice To update run: npm install -g npm@11.12.1
125 notice  { force: true, [Symbol(proc-log.meta)]: true }
126 verbose exit 0
127 info ok
